{"C:\\Users\\mrwol\\Documents\\GitHub\\PALoSA-refined\\server\\utils\\PseudoContentRegex.js": {"path":"C:\\Users\\mrwol\\Documents\\GitHub\\PALoSA-refined\\server\\utils\\PseudoContentRegex.js","statementMap":{"0":{"start":{"line":9,"column":25},"end":{"line":9,"column":47}},"1":{"start":{"line":12,"column":11},"end":{"line":12,"column":64}},"2":{"start":{"line":38,"column":17},"end":{"line":38,"column":24}},"3":{"start":{"line":39,"column":20},"end":{"line":39,"column":59}},"4":{"start":{"line":39,"column":40},"end":{"line":39,"column":58}},"5":{"start":{"line":41,"column":4},"end":{"line":65,"column":5}},"6":{"start":{"line":42,"column":8},"end":{"line":64,"column":9}},"7":{"start":{"line":43,"column":12},"end":{"line":59,"column":14}},"8":{"start":{"line":47,"column":20},"end":{"line":56,"column":21}},"9":{"start":{"line":48,"column":41},"end":{"line":48,"column":64}},"10":{"start":{"line":49,"column":52},"end":{"line":49,"column":79}},"11":{"start":{"line":50,"column":24},"end":{"line":50,"column":69}},"12":{"start":{"line":51,"column":27},"end":{"line":56,"column":21}},"13":{"start":{"line":52,"column":24},"end":{"line":52,"column":79}},"14":{"start":{"line":53,"column":24},"end":{"line":53,"column":62}},"15":{"start":{"line":55,"column":24},"end":{"line":55,"column":74}},"16":{"start":{"line":60,"column":12},"end":{"line":60,"column":74}},"17":{"start":{"line":62,"column":12},"end":{"line":62,"column":73}},"18":{"start":{"line":63,"column":12},"end":{"line":63,"column":24}},"19":{"start":{"line":67,"column":4},"end":{"line":67,"column":18}},"20":{"start":{"line":98,"column":20},"end":{"line":98,"column":22}},"21":{"start":{"line":99,"column":4},"end":{"line":103,"column":7}},"22":{"start":{"line":100,"column":23},"end":{"line":100,"column":44}},"23":{"start":{"line":101,"column":8},"end":{"line":101,"column":40}},"24":{"start":{"line":102,"column":8},"end":{"line":102,"column":21}},"25":{"start":{"line":105,"column":19},"end":{"line":105,"column":21}},"26":{"start":{"line":106,"column":20},"end":{"line":106,"column":21}},"27":{"start":{"line":108,"column":4},"end":{"line":120,"column":5}},"28":{"start":{"line":109,"column":8},"end":{"line":114,"column":9}},"29":{"start":{"line":110,"column":12},"end":{"line":110,"column":58}},"30":{"start":{"line":111,"column":32},"end":{"line":111,"column":52}},"31":{"start":{"line":112,"column":12},"end":{"line":112,"column":37}},"32":{"start":{"line":113,"column":12},"end":{"line":113,"column":46}},"33":{"start":{"line":116,"column":8},"end":{"line":118,"column":11}},"34":{"start":{"line":119,"column":8},"end":{"line":119,"column":20}},"35":{"start":{"line":122,"column":4},"end":{"line":122,"column":42}},"36":{"start":{"line":123,"column":4},"end":{"line":123,"column":27}}},"fnMap":{"0":{"name":"pseudoContentRegex","decl":{"start":{"line":37,"column":30},"end":{"line":37,"column":48}},"loc":{"start":{"line":37,"column":76},"end":{"line":68,"column":1}},"line":37},"1":{"name":"(anonymous_1)","decl":{"start":{"line":39,"column":33},"end":{"line":39,"column":34}},"loc":{"start":{"line":39,"column":40},"end":{"line":39,"column":58}},"line":39},"2":{"name":"(anonymous_2)","decl":{"start":{"line":46,"column":16},"end":{"line":46,"column":17}},"loc":{"start":{"line":46,"column":33},"end":{"line":57,"column":17}},"line":46},"3":{"name":"replaceAsync","decl":{"start":{"line":97,"column":15},"end":{"line":97,"column":27}},"loc":{"start":{"line":97,"column":57},"end":{"line":124,"column":1}},"line":97},"4":{"name":"(anonymous_4)","decl":{"start":{"line":99,"column":23},"end":{"line":99,"column":24}},"loc":{"start":{"line":99,"column":43},"end":{"line":103,"column":5}},"line":99}},"branchMap":{"0":{"loc":{"start":{"line":47,"column":20},"end":{"line":56,"column":21}},"type":"if","locations":[{"start":{"line":47,"column":20},"end":{"line":56,"column":21}},{"start":{"line":51,"column":27},"end":{"line":56,"column":21}}],"line":47},"1":{"loc":{"start":{"line":51,"column":27},"end":{"line":56,"column":21}},"type":"if","locations":[{"start":{"line":51,"column":27},"end":{"line":56,"column":21}},{"start":{"line":54,"column":27},"end":{"line":56,"column":21}}],"line":51}},"s":{"0":3,"1":3,"2":2,"3":2,"4":2,"5":2,"6":2,"7":2,"8":2,"9":1,"10":1,"11":1,"12":1,"13":1,"14":1,"15":0,"16":2,"17":0,"18":0,"19":2,"20":2,"21":2,"22":2,"23":2,"24":2,"25":2,"26":2,"27":2,"28":2,"29":2,"30":2,"31":2,"32":2,"33":0,"34":0,"35":2,"36":2},"f":{"0":2,"1":2,"2":2,"3":2,"4":2},"b":{"0":[1,1],"1":[1,0]},"_coverageSchema":"1a1c01bbd47fc00a2c39e90264f33305004495a9","hash":"0ec53d67dcbe9df97d4983ffbfc17ba9c0ef54f8"}
,"C:\\Users\\mrwol\\Documents\\GitHub\\PALoSA-refined\\server\\utils\\copyFileToOutput.js": {"path":"C:\\Users\\mrwol\\Documents\\GitHub\\PALoSA-refined\\server\\utils\\copyFileToOutput.js","statementMap":{"0":{"start":{"line":19,"column":4},"end":{"line":53,"column":5}},"1":{"start":{"line":20,"column":8},"end":{"line":20,"column":50}},"2":{"start":{"line":22,"column":8},"end":{"line":25,"column":9}},"3":{"start":{"line":23,"column":12},"end":{"line":23,"column":74}},"4":{"start":{"line":24,"column":12},"end":{"line":24,"column":19}},"5":{"start":{"line":26,"column":8},"end":{"line":29,"column":9}},"6":{"start":{"line":27,"column":12},"end":{"line":27,"column":74}},"7":{"start":{"line":28,"column":12},"end":{"line":28,"column":19}},"8":{"start":{"line":31,"column":22},"end":{"line":31,"column":57}},"9":{"start":{"line":33,"column":8},"end":{"line":49,"column":9}},"10":{"start":{"line":34,"column":12},"end":{"line":34,"column":45}},"11":{"start":{"line":35,"column":12},"end":{"line":35,"column":19}},"12":{"start":{"line":37,"column":12},"end":{"line":47,"column":13}},"13":{"start":{"line":38,"column":32},"end":{"line":38,"column":58}},"14":{"start":{"line":39,"column":29},"end":{"line":39,"column":59}},"15":{"start":{"line":41,"column":16},"end":{"line":46,"column":17}},"16":{"start":{"line":42,"column":40},"end":{"line":42,"column":76}},"17":{"start":{"line":43,"column":37},"end":{"line":43,"column":70}},"18":{"start":{"line":44,"column":20},"end":{"line":44,"column":65}},"19":{"start":{"line":45,"column":20},"end":{"line":45,"column":73}},"20":{"start":{"line":48,"column":12},"end":{"line":48,"column":79}},"21":{"start":{"line":51,"column":8},"end":{"line":51,"column":62}},"22":{"start":{"line":52,"column":8},"end":{"line":52,"column":20}}},"fnMap":{"0":{"name":"copyFileToOutput","decl":{"start":{"line":18,"column":30},"end":{"line":18,"column":46}},"loc":{"start":{"line":18,"column":77},"end":{"line":54,"column":1}},"line":18}},"branchMap":{"0":{"loc":{"start":{"line":22,"column":8},"end":{"line":25,"column":9}},"type":"if","locations":[{"start":{"line":22,"column":8},"end":{"line":25,"column":9}},{"start":{},"end":{}}],"line":22},"1":{"loc":{"start":{"line":26,"column":8},"end":{"line":29,"column":9}},"type":"if","locations":[{"start":{"line":26,"column":8},"end":{"line":29,"column":9}},{"start":{},"end":{}}],"line":26},"2":{"loc":{"start":{"line":33,"column":8},"end":{"line":49,"column":9}},"type":"if","locations":[{"start":{"line":33,"column":8},"end":{"line":49,"column":9}},{"start":{"line":36,"column":15},"end":{"line":49,"column":9}}],"line":33},"3":{"loc":{"start":{"line":41,"column":16},"end":{"line":46,"column":17}},"type":"if","locations":[{"start":{"line":41,"column":16},"end":{"line":46,"column":17}},{"start":{},"end":{}}],"line":41}},"s":{"0":2,"1":2,"2":2,"3":1,"4":0,"5":1,"6":0,"7":0,"8":1,"9":1,"10":0,"11":0,"12":1,"13":1,"14":1,"15":1,"16":1,"17":1,"18":1,"19":1,"20":0,"21":2,"22":0},"f":{"0":2},"b":{"0":[1,1],"1":[0,1],"2":[0,1],"3":[1,0]},"_coverageSchema":"1a1c01bbd47fc00a2c39e90264f33305004495a9","hash":"60a13db921d0a65473ed1325a6f327766aefe5a1"}
,"C:\\Users\\mrwol\\Documents\\GitHub\\PALoSA-refined\\server\\utils\\createFile.js": {"path":"C:\\Users\\mrwol\\Documents\\GitHub\\PALoSA-refined\\server\\utils\\createFile.js","statementMap":{"0":{"start":{"line":25,"column":4},"end":{"line":42,"column":5}},"1":{"start":{"line":26,"column":8},"end":{"line":26,"column":67}},"2":{"start":{"line":26,"column":38},"end":{"line":26,"column":67}},"3":{"start":{"line":27,"column":25},"end":{"line":27,"column":67}},"4":{"start":{"line":29,"column":8},"end":{"line":29,"column":52}},"5":{"start":{"line":30,"column":8},"end":{"line":32,"column":10}},"6":{"start":{"line":34,"column":8},"end":{"line":34,"column":43}},"7":{"start":{"line":35,"column":8},"end":{"line":35,"column":65}},"8":{"start":{"line":37,"column":8},"end":{"line":40,"column":10}},"9":{"start":{"line":41,"column":8},"end":{"line":41,"column":20}}},"fnMap":{"0":{"name":"createFile","decl":{"start":{"line":18,"column":22},"end":{"line":18,"column":32}},"loc":{"start":{"line":24,"column":2},"end":{"line":43,"column":1}},"line":24}},"branchMap":{"0":{"loc":{"start":{"line":22,"column":4},"end":{"line":22,"column":16}},"type":"default-arg","locations":[{"start":{"line":22,"column":14},"end":{"line":22,"column":16}}],"line":22},"1":{"loc":{"start":{"line":26,"column":8},"end":{"line":26,"column":67}},"type":"if","locations":[{"start":{"line":26,"column":8},"end":{"line":26,"column":67}},{"start":{},"end":{}}],"line":26}},"s":{"0":1,"1":1,"2":0,"3":1,"4":1,"5":1,"6":0,"7":0,"8":1,"9":0},"f":{"0":1},"b":{"0":[0],"1":[0,1]},"_coverageSchema":"1a1c01bbd47fc00a2c39e90264f33305004495a9","hash":"4238ae8ef49a4585238252de6c4df8d880c994bd"}
,"C:\\Users\\mrwol\\Documents\\GitHub\\PALoSA-refined\\server\\utils\\generateFileName.js": {"path":"C:\\Users\\mrwol\\Documents\\GitHub\\PALoSA-refined\\server\\utils\\generateFileName.js","statementMap":{"0":{"start":{"line":14,"column":4},"end":{"line":27,"column":5}},"1":{"start":{"line":16,"column":25},"end":{"line":16,"column":50}},"2":{"start":{"line":18,"column":8},"end":{"line":22,"column":9}},"3":{"start":{"line":19,"column":12},"end":{"line":19,"column":89}},"4":{"start":{"line":21,"column":12},"end":{"line":21,"column":43}},"5":{"start":{"line":23,"column":8},"end":{"line":23,"column":23}},"6":{"start":{"line":25,"column":8},"end":{"line":25,"column":60}},"7":{"start":{"line":26,"column":8},"end":{"line":26,"column":24}}},"fnMap":{"0":{"name":"generateFileName","decl":{"start":{"line":13,"column":30},"end":{"line":13,"column":46}},"loc":{"start":{"line":13,"column":65},"end":{"line":28,"column":1}},"line":13}},"branchMap":{"0":{"loc":{"start":{"line":18,"column":8},"end":{"line":22,"column":9}},"type":"if","locations":[{"start":{"line":18,"column":8},"end":{"line":22,"column":9}},{"start":{"line":20,"column":15},"end":{"line":22,"column":9}}],"line":18}},"s":{"0":3,"1":3,"2":3,"3":2,"4":1,"5":3,"6":0,"7":0},"f":{"0":3},"b":{"0":[2,1]},"_coverageSchema":"1a1c01bbd47fc00a2c39e90264f33305004495a9","hash":"4ebdb786b1021adc2d1beac7fc7412c4e27066f5"}
,"C:\\Users\\mrwol\\Documents\\GitHub\\PALoSA-refined\\server\\utils\\ipBuffer.js": {"path":"C:\\Users\\mrwol\\Documents\\GitHub\\PALoSA-refined\\server\\utils\\ipBuffer.js","statementMap":{"0":{"start":{"line":14,"column":4},"end":{"line":14,"column":74}},"1":{"start":{"line":14,"column":52},"end":{"line":14,"column":71}},"2":{"start":{"line":28,"column":4},"end":{"line":28,"column":37}}},"fnMap":{"0":{"name":"ipStringToBuffer","decl":{"start":{"line":12,"column":16},"end":{"line":12,"column":32}},"loc":{"start":{"line":12,"column":37},"end":{"line":15,"column":1}},"line":12},"1":{"name":"(anonymous_1)","decl":{"start":{"line":14,"column":41},"end":{"line":14,"column":42}},"loc":{"start":{"line":14,"column":52},"end":{"line":14,"column":71}},"line":14},"2":{"name":"bufferToIpString","decl":{"start":{"line":27,"column":16},"end":{"line":27,"column":32}},"loc":{"start":{"line":27,"column":38},"end":{"line":29,"column":1}},"line":27}},"branchMap":{},"s":{"0":2,"1":8,"2":2},"f":{"0":2,"1":8,"2":2},"b":{},"_coverageSchema":"1a1c01bbd47fc00a2c39e90264f33305004495a9","hash":"ff1a5d008e622e80855980832b1c60094b75d2d5"}
,"C:\\Users\\mrwol\\Documents\\GitHub\\PALoSA-refined\\server\\utils\\isEMailAddress.js": {"path":"C:\\Users\\mrwol\\Documents\\GitHub\\PALoSA-refined\\server\\utils\\isEMailAddress.js","statementMap":{"0":{"start":{"line":20,"column":23},"end":{"line":20,"column":51}},"1":{"start":{"line":21,"column":4},"end":{"line":21,"column":32}}},"fnMap":{"0":{"name":"isEmailAddress","decl":{"start":{"line":19,"column":24},"end":{"line":19,"column":38}},"loc":{"start":{"line":19,"column":44},"end":{"line":22,"column":1}},"line":19}},"branchMap":{},"s":{"0":3,"1":3},"f":{"0":3},"b":{},"_coverageSchema":"1a1c01bbd47fc00a2c39e90264f33305004495a9","hash":"332b85340cc230bc4029aadc7f1f01bf22a10743"}
,"C:\\Users\\mrwol\\Documents\\GitHub\\PALoSA-refined\\server\\utils\\isIPv4Address.js": {"path":"C:\\Users\\mrwol\\Documents\\GitHub\\PALoSA-refined\\server\\utils\\isIPv4Address.js","statementMap":{"0":{"start":{"line":16,"column":4},"end":{"line":18,"column":5}},"1":{"start":{"line":17,"column":8},"end":{"line":17,"column":21}},"2":{"start":{"line":21,"column":8},"end":{"line":21,"column":198}},"3":{"start":{"line":24,"column":20},"end":{"line":24,"column":38}},"4":{"start":{"line":26,"column":4},"end":{"line":26,"column":19}}},"fnMap":{"0":{"name":"isIPv4Address","decl":{"start":{"line":14,"column":24},"end":{"line":14,"column":37}},"loc":{"start":{"line":14,"column":42},"end":{"line":27,"column":1}},"line":14}},"branchMap":{"0":{"loc":{"start":{"line":16,"column":4},"end":{"line":18,"column":5}},"type":"if","locations":[{"start":{"line":16,"column":4},"end":{"line":18,"column":5}},{"start":{},"end":{}}],"line":16}},"s":{"0":5,"1":0,"2":5,"3":5,"4":5},"f":{"0":5},"b":{"0":[0,5]},"_coverageSchema":"1a1c01bbd47fc00a2c39e90264f33305004495a9","hash":"fabf8f410eb5b217bcea858e8b158f0781b46b04"}
,"C:\\Users\\mrwol\\Documents\\GitHub\\PALoSA-refined\\server\\utils\\mergeSettings.js": {"path":"C:\\Users\\mrwol\\Documents\\GitHub\\PALoSA-refined\\server\\utils\\mergeSettings.js","statementMap":{"0":{"start":{"line":43,"column":20},"end":{"line":43,"column":68}},"1":{"start":{"line":44,"column":20},"end":{"line":44,"column":44}},"2":{"start":{"line":45,"column":23},"end":{"line":45,"column":64}},"3":{"start":{"line":47,"column":4},"end":{"line":47,"column":85}},"4":{"start":{"line":48,"column":4},"end":{"line":121,"column":5}},"5":{"start":{"line":51,"column":8},"end":{"line":63,"column":9}},"6":{"start":{"line":52,"column":32},"end":{"line":52,"column":70}},"7":{"start":{"line":53,"column":12},"end":{"line":53,"column":47}},"8":{"start":{"line":55,"column":12},"end":{"line":62,"column":13}},"9":{"start":{"line":57,"column":32},"end":{"line":57,"column":66}},"10":{"start":{"line":58,"column":16},"end":{"line":58,"column":77}},"11":{"start":{"line":59,"column":16},"end":{"line":59,"column":56}},"12":{"start":{"line":61,"column":16},"end":{"line":61,"column":26}},"13":{"start":{"line":66,"column":23},"end":{"line":71,"column":9}},"14":{"start":{"line":73,"column":24},"end":{"line":73,"column":36}},"15":{"start":{"line":74,"column":8},"end":{"line":76,"column":9}},"16":{"start":{"line":75,"column":12},"end":{"line":75,"column":56}},"17":{"start":{"line":79,"column":29},"end":{"line":79,"column":52}},"18":{"start":{"line":80,"column":30},"end":{"line":80,"column":58}},"19":{"start":{"line":83,"column":30},"end":{"line":88,"column":10}},"20":{"start":{"line":83,"column":40},"end":{"line":88,"column":9}},"21":{"start":{"line":90,"column":27},"end":{"line":90,"column":54}},"22":{"start":{"line":91,"column":28},"end":{"line":91,"column":56}},"23":{"start":{"line":94,"column":8},"end":{"line":96,"column":9}},"24":{"start":{"line":95,"column":12},"end":{"line":95,"column":34}},"25":{"start":{"line":99,"column":26},"end":{"line":99,"column":51}},"26":{"start":{"line":101,"column":8},"end":{"line":106,"column":49}},"27":{"start":{"line":106,"column":28},"end":{"line":106,"column":47}},"28":{"start":{"line":108,"column":8},"end":{"line":108,"column":49}},"29":{"start":{"line":111,"column":8},"end":{"line":115,"column":10}},"30":{"start":{"line":116,"column":8},"end":{"line":116,"column":53}},"31":{"start":{"line":119,"column":8},"end":{"line":119,"column":62}},"32":{"start":{"line":120,"column":8},"end":{"line":120,"column":18}}},"fnMap":{"0":{"name":"mergeSettings","decl":{"start":{"line":41,"column":30},"end":{"line":41,"column":43}},"loc":{"start":{"line":41,"column":91},"end":{"line":122,"column":1}},"line":41},"1":{"name":"(anonymous_1)","decl":{"start":{"line":83,"column":30},"end":{"line":83,"column":31}},"loc":{"start":{"line":83,"column":40},"end":{"line":88,"column":9}},"line":83},"2":{"name":"(anonymous_2)","decl":{"start":{"line":106,"column":18},"end":{"line":106,"column":19}},"loc":{"start":{"line":106,"column":28},"end":{"line":106,"column":47}},"line":106}},"branchMap":{"0":{"loc":{"start":{"line":41,"column":71},"end":{"line":41,"column":81}},"type":"default-arg","locations":[{"start":{"line":41,"column":77},"end":{"line":41,"column":81}}],"line":41},"1":{"loc":{"start":{"line":43,"column":20},"end":{"line":43,"column":68}},"type":"binary-expr","locations":[{"start":{"line":43,"column":20},"end":{"line":43,"column":23}},{"start":{"line":43,"column":27},"end":{"line":43,"column":68}}],"line":43},"2":{"loc":{"start":{"line":55,"column":12},"end":{"line":62,"column":13}},"type":"if","locations":[{"start":{"line":55,"column":12},"end":{"line":62,"column":13}},{"start":{"line":60,"column":19},"end":{"line":62,"column":13}}],"line":55},"3":{"loc":{"start":{"line":74,"column":8},"end":{"line":76,"column":9}},"type":"if","locations":[{"start":{"line":74,"column":8},"end":{"line":76,"column":9}},{"start":{},"end":{}}],"line":74},"4":{"loc":{"start":{"line":79,"column":29},"end":{"line":79,"column":52}},"type":"binary-expr","locations":[{"start":{"line":79,"column":29},"end":{"line":79,"column":46}},{"start":{"line":79,"column":50},"end":{"line":79,"column":52}}],"line":79},"5":{"loc":{"start":{"line":80,"column":30},"end":{"line":80,"column":58}},"type":"binary-expr","locations":[{"start":{"line":80,"column":30},"end":{"line":80,"column":52}},{"start":{"line":80,"column":56},"end":{"line":80,"column":58}}],"line":80},"6":{"loc":{"start":{"line":84,"column":28},"end":{"line":86,"column":20}},"type":"cond-expr","locations":[{"start":{"line":85,"column":18},"end":{"line":85,"column":36}},{"start":{"line":86,"column":18},"end":{"line":86,"column":20}}],"line":84},"7":{"loc":{"start":{"line":87,"column":22},"end":{"line":87,"column":69}},"type":"cond-expr","locations":[{"start":{"line":87,"column":52},"end":{"line":87,"column":64}},{"start":{"line":87,"column":67},"end":{"line":87,"column":69}}],"line":87},"8":{"loc":{"start":{"line":94,"column":8},"end":{"line":96,"column":9}},"type":"if","locations":[{"start":{"line":94,"column":8},"end":{"line":96,"column":9}},{"start":{},"end":{}}],"line":94}},"s":{"0":2,"1":2,"2":2,"3":2,"4":0,"5":0,"6":0,"7":0,"8":0,"9":0,"10":0,"11":0,"12":0,"13":0,"14":0,"15":0,"16":0,"17":0,"18":0,"19":0,"20":0,"21":0,"22":0,"23":0,"24":0,"25":0,"26":0,"27":0,"28":0,"29":0,"30":0,"31":0,"32":0},"f":{"0":2,"1":0,"2":0},"b":{"0":[2],"1":[2,2],"2":[0,0],"3":[0,0],"4":[0,0],"5":[0,0],"6":[0,0],"7":[0,0],"8":[0,0]},"_coverageSchema":"1a1c01bbd47fc00a2c39e90264f33305004495a9","hash":"99be8e6ddc9caac9e14beba2a8acc489c780be97"}
,"C:\\Users\\mrwol\\Documents\\GitHub\\PALoSA-refined\\server\\utils\\processJsonFiles.js": {"path":"C:\\Users\\mrwol\\Documents\\GitHub\\PALoSA-refined\\server\\utils\\processJsonFiles.js","statementMap":{"0":{"start":{"line":12,"column":0},"end":{"line":12,"column":16}},"1":{"start":{"line":52,"column":4},"end":{"line":122,"column":5}},"2":{"start":{"line":53,"column":25},"end":{"line":53,"column":70}},"3":{"start":{"line":54,"column":8},"end":{"line":56,"column":10}},"4":{"start":{"line":58,"column":24},"end":{"line":58,"column":74}},"5":{"start":{"line":60,"column":27},"end":{"line":60,"column":75}},"6":{"start":{"line":61,"column":28},"end":{"line":61,"column":30}},"7":{"start":{"line":62,"column":22},"end":{"line":62,"column":24}},"8":{"start":{"line":63,"column":8},"end":{"line":70,"column":9}},"9":{"start":{"line":64,"column":27},"end":{"line":64,"column":75}},"10":{"start":{"line":65,"column":12},"end":{"line":65,"column":49}},"11":{"start":{"line":66,"column":12},"end":{"line":66,"column":43}},"12":{"start":{"line":67,"column":12},"end":{"line":67,"column":60}},"13":{"start":{"line":69,"column":12},"end":{"line":69,"column":68}},"14":{"start":{"line":72,"column":8},"end":{"line":116,"column":9}},"15":{"start":{"line":73,"column":12},"end":{"line":115,"column":13}},"16":{"start":{"line":74,"column":33},"end":{"line":74,"column":66}},"17":{"start":{"line":75,"column":31},"end":{"line":75,"column":77}},"18":{"start":{"line":77,"column":16},"end":{"line":79,"column":18}},"19":{"start":{"line":80,"column":16},"end":{"line":84,"column":19}},"20":{"start":{"line":86,"column":16},"end":{"line":88,"column":18}},"21":{"start":{"line":89,"column":16},"end":{"line":95,"column":19}},"22":{"start":{"line":97,"column":16},"end":{"line":99,"column":18}},"23":{"start":{"line":100,"column":35},"end":{"line":100,"column":59}},"24":{"start":{"line":101,"column":39},"end":{"line":105,"column":17}},"25":{"start":{"line":107,"column":16},"end":{"line":111,"column":17}},"26":{"start":{"line":108,"column":20},"end":{"line":110,"column":22}},"27":{"start":{"line":113,"column":16},"end":{"line":113,"column":68}},"28":{"start":{"line":114,"column":16},"end":{"line":114,"column":68}},"29":{"start":{"line":118,"column":8},"end":{"line":118,"column":58}},"30":{"start":{"line":120,"column":8},"end":{"line":120,"column":62}},"31":{"start":{"line":121,"column":8},"end":{"line":121,"column":20}},"32":{"start":{"line":152,"column":4},"end":{"line":155,"column":5}},"33":{"start":{"line":153,"column":8},"end":{"line":153,"column":63}},"34":{"start":{"line":154,"column":8},"end":{"line":154,"column":24}},"35":{"start":{"line":157,"column":4},"end":{"line":206,"column":5}},"36":{"start":{"line":158,"column":23},"end":{"line":158,"column":71}},"37":{"start":{"line":159,"column":24},"end":{"line":159,"column":44}},"38":{"start":{"line":160,"column":26},"end":{"line":160,"column":64}},"39":{"start":{"line":162,"column":26},"end":{"line":162,"column":57}},"40":{"start":{"line":163,"column":26},"end":{"line":163,"column":42}},"41":{"start":{"line":164,"column":8},"end":{"line":164,"column":34}},"42":{"start":{"line":165,"column":26},"end":{"line":165,"column":50}},"43":{"start":{"line":167,"column":8},"end":{"line":202,"column":9}},"44":{"start":{"line":168,"column":12},"end":{"line":168,"column":66}},"45":{"start":{"line":169,"column":12},"end":{"line":200,"column":14}},"46":{"start":{"line":173,"column":34},"end":{"line":173,"column":48}},"47":{"start":{"line":174,"column":20},"end":{"line":198,"column":21}},"48":{"start":{"line":175,"column":24},"end":{"line":191,"column":25}},"49":{"start":{"line":176,"column":45},"end":{"line":176,"column":68}},"50":{"start":{"line":177,"column":39},"end":{"line":179,"column":29}},"51":{"start":{"line":180,"column":28},"end":{"line":180,"column":48}},"52":{"start":{"line":181,"column":31},"end":{"line":191,"column":25}},"53":{"start":{"line":185,"column":28},"end":{"line":185,"column":76}},"54":{"start":{"line":187,"column":28},"end":{"line":190,"column":30}},"55":{"start":{"line":193,"column":24},"end":{"line":196,"column":26}},"56":{"start":{"line":197,"column":24},"end":{"line":197,"column":34}},"57":{"start":{"line":201,"column":12},"end":{"line":201,"column":19}},"58":{"start":{"line":204,"column":8},"end":{"line":204,"column":67}},"59":{"start":{"line":205,"column":8},"end":{"line":205,"column":20}},"60":{"start":{"line":208,"column":4},"end":{"line":208,"column":20}},"61":{"start":{"line":233,"column":4},"end":{"line":253,"column":5}},"62":{"start":{"line":234,"column":51},"end":{"line":234,"column":57}},"63":{"start":{"line":235,"column":23},"end":{"line":235,"column":25}},"64":{"start":{"line":236,"column":8},"end":{"line":239,"column":9}},"65":{"start":{"line":237,"column":26},"end":{"line":237,"column":62}},"66":{"start":{"line":238,"column":12},"end":{"line":238,"column":56}},"67":{"start":{"line":238,"column":37},"end":{"line":238,"column":56}},"68":{"start":{"line":240,"column":8},"end":{"line":252,"column":9}},"69":{"start":{"line":241,"column":12},"end":{"line":241,"column":75}},"70":{"start":{"line":242,"column":12},"end":{"line":246,"column":14}},"71":{"start":{"line":248,"column":12},"end":{"line":248,"column":57}},"72":{"start":{"line":249,"column":12},"end":{"line":251,"column":14}},"73":{"start":{"line":254,"column":4},"end":{"line":254,"column":20}},"74":{"start":{"line":284,"column":4},"end":{"line":284,"column":56}},"75":{"start":{"line":284,"column":49},"end":{"line":284,"column":56}},"76":{"start":{"line":286,"column":4},"end":{"line":305,"column":5}},"77":{"start":{"line":287,"column":8},"end":{"line":304,"column":9}},"78":{"start":{"line":288,"column":12},"end":{"line":294,"column":13}},"79":{"start":{"line":293,"column":16},"end":{"line":293,"column":41}},"80":{"start":{"line":295,"column":12},"end":{"line":297,"column":13}},"81":{"start":{"line":296,"column":16},"end":{"line":296,"column":80}},"82":{"start":{"line":299,"column":12},"end":{"line":302,"column":14}},"83":{"start":{"line":303,"column":12},"end":{"line":303,"column":22}},"84":{"start":{"line":323,"column":21},"end":{"line":323,"column":36}},"85":{"start":{"line":324,"column":18},"end":{"line":324,"column":21}},"86":{"start":{"line":325,"column":4},"end":{"line":334,"column":5}},"87":{"start":{"line":326,"column":8},"end":{"line":333,"column":9}},"88":{"start":{"line":327,"column":12},"end":{"line":327,"column":39}},"89":{"start":{"line":329,"column":12},"end":{"line":331,"column":14}},"90":{"start":{"line":332,"column":12},"end":{"line":332,"column":29}},"91":{"start":{"line":335,"column":4},"end":{"line":335,"column":19}},"92":{"start":{"line":354,"column":17},"end":{"line":354,"column":32}},"93":{"start":{"line":355,"column":18},"end":{"line":355,"column":21}},"94":{"start":{"line":356,"column":4},"end":{"line":364,"column":5}},"95":{"start":{"line":356,"column":17},"end":{"line":356,"column":18}},"96":{"start":{"line":357,"column":8},"end":{"line":362,"column":9}},"97":{"start":{"line":358,"column":12},"end":{"line":358,"column":34}},"98":{"start":{"line":359,"column":12},"end":{"line":361,"column":14}},"99":{"start":{"line":363,"column":8},"end":{"line":363,"column":35}},"100":{"start":{"line":365,"column":4},"end":{"line":365,"column":43}},"101":{"start":{"line":366,"column":4},"end":{"line":366,"column":62}}},"fnMap":{"0":{"name":"processJsonFiles","decl":{"start":{"line":46,"column":30},"end":{"line":46,"column":46}},"loc":{"start":{"line":51,"column":2},"end":{"line":123,"column":1}},"line":51},"1":{"name":"processConfigSources","decl":{"start":{"line":151,"column":22},"end":{"line":151,"column":42}},"loc":{"start":{"line":151,"column":76},"end":{"line":209,"column":1}},"line":151},"2":{"name":"(anonymous_2)","decl":{"start":{"line":172,"column":16},"end":{"line":172,"column":17}},"loc":{"start":{"line":172,"column":42},"end":{"line":199,"column":17}},"line":172},"3":{"name":"processConfigDerived","decl":{"start":{"line":232,"column":16},"end":{"line":232,"column":36}},"loc":{"start":{"line":232,"column":74},"end":{"line":255,"column":1}},"line":232},"4":{"name":"traverseAndProcess","decl":{"start":{"line":283,"column":22},"end":{"line":283,"column":40}},"loc":{"start":{"line":283,"column":75},"end":{"line":306,"column":1}},"line":283},"5":{"name":"getByPath","decl":{"start":{"line":322,"column":16},"end":{"line":322,"column":25}},"loc":{"start":{"line":322,"column":45},"end":{"line":336,"column":1}},"line":322},"6":{"name":"setByPath","decl":{"start":{"line":353,"column":16},"end":{"line":353,"column":25}},"loc":{"start":{"line":353,"column":52},"end":{"line":367,"column":1}},"line":353}},"branchMap":{"0":{"loc":{"start":{"line":63,"column":8},"end":{"line":70,"column":9}},"type":"if","locations":[{"start":{"line":63,"column":8},"end":{"line":70,"column":9}},{"start":{"line":68,"column":15},"end":{"line":70,"column":9}}],"line":63},"1":{"loc":{"start":{"line":65,"column":28},"end":{"line":65,"column":48}},"type":"binary-expr","locations":[{"start":{"line":65,"column":28},"end":{"line":65,"column":42}},{"start":{"line":65,"column":46},"end":{"line":65,"column":48}}],"line":65},"2":{"loc":{"start":{"line":66,"column":22},"end":{"line":66,"column":42}},"type":"binary-expr","locations":[{"start":{"line":66,"column":22},"end":{"line":66,"column":36}},{"start":{"line":66,"column":40},"end":{"line":66,"column":42}}],"line":66},"3":{"loc":{"start":{"line":73,"column":12},"end":{"line":115,"column":13}},"type":"if","locations":[{"start":{"line":73,"column":12},"end":{"line":115,"column":13}},{"start":{},"end":{}}],"line":73},"4":{"loc":{"start":{"line":73,"column":16},"end":{"line":73,"column":64}},"type":"binary-expr","locations":[{"start":{"line":73,"column":16},"end":{"line":73,"column":31}},{"start":{"line":73,"column":35},"end":{"line":73,"column":64}}],"line":73},"5":{"loc":{"start":{"line":107,"column":16},"end":{"line":111,"column":17}},"type":"if","locations":[{"start":{"line":107,"column":16},"end":{"line":111,"column":17}},{"start":{},"end":{}}],"line":107},"6":{"loc":{"start":{"line":152,"column":4},"end":{"line":155,"column":5}},"type":"if","locations":[{"start":{"line":152,"column":4},"end":{"line":155,"column":5}},{"start":{},"end":{}}],"line":152},"7":{"loc":{"start":{"line":159,"column":24},"end":{"line":159,"column":44}},"type":"binary-expr","locations":[{"start":{"line":159,"column":24},"end":{"line":159,"column":38}},{"start":{"line":159,"column":42},"end":{"line":159,"column":44}}],"line":159},"8":{"loc":{"start":{"line":160,"column":26},"end":{"line":160,"column":64}},"type":"binary-expr","locations":[{"start":{"line":160,"column":26},"end":{"line":160,"column":48}},{"start":{"line":160,"column":52},"end":{"line":160,"column":64}}],"line":160},"9":{"loc":{"start":{"line":175,"column":24},"end":{"line":191,"column":25}},"type":"if","locations":[{"start":{"line":175,"column":24},"end":{"line":191,"column":25}},{"start":{"line":181,"column":31},"end":{"line":191,"column":25}}],"line":175},"10":{"loc":{"start":{"line":175,"column":28},"end":{"line":175,"column":77}},"type":"binary-expr","locations":[{"start":{"line":175,"column":28},"end":{"line":175,"column":53}},{"start":{"line":175,"column":57},"end":{"line":175,"column":77}}],"line":175},"11":{"loc":{"start":{"line":181,"column":31},"end":{"line":191,"column":25}},"type":"if","locations":[{"start":{"line":181,"column":31},"end":{"line":191,"column":25}},{"start":{"line":186,"column":31},"end":{"line":191,"column":25}}],"line":181},"12":{"loc":{"start":{"line":182,"column":28},"end":{"line":183,"column":49}},"type":"binary-expr","locations":[{"start":{"line":182,"column":28},"end":{"line":182,"column":53}},{"start":{"line":183,"column":28},"end":{"line":183,"column":49}}],"line":182},"13":{"loc":{"start":{"line":234,"column":32},"end":{"line":234,"column":46}},"type":"default-arg","locations":[{"start":{"line":234,"column":44},"end":{"line":234,"column":46}}],"line":234},"14":{"loc":{"start":{"line":238,"column":12},"end":{"line":238,"column":56}},"type":"if","locations":[{"start":{"line":238,"column":12},"end":{"line":238,"column":56}},{"start":{},"end":{}}],"line":238},"15":{"loc":{"start":{"line":240,"column":8},"end":{"line":252,"column":9}},"type":"if","locations":[{"start":{"line":240,"column":8},"end":{"line":252,"column":9}},{"start":{"line":247,"column":15},"end":{"line":252,"column":9}}],"line":240},"16":{"loc":{"start":{"line":284,"column":4},"end":{"line":284,"column":56}},"type":"if","locations":[{"start":{"line":284,"column":4},"end":{"line":284,"column":56}},{"start":{},"end":{}}],"line":284},"17":{"loc":{"start":{"line":284,"column":8},"end":{"line":284,"column":47}},"type":"binary-expr","locations":[{"start":{"line":284,"column":8},"end":{"line":284,"column":31}},{"start":{"line":284,"column":35},"end":{"line":284,"column":47}}],"line":284},"18":{"loc":{"start":{"line":288,"column":12},"end":{"line":294,"column":13}},"type":"if","locations":[{"start":{"line":288,"column":12},"end":{"line":294,"column":13}},{"start":{},"end":{}}],"line":288},"19":{"loc":{"start":{"line":289,"column":16},"end":{"line":291,"column":33}},"type":"binary-expr","locations":[{"start":{"line":289,"column":16},"end":{"line":289,"column":33}},{"start":{"line":290,"column":16},"end":{"line":290,"column":38}},{"start":{"line":291,"column":16},"end":{"line":291,"column":33}}],"line":289},"20":{"loc":{"start":{"line":295,"column":12},"end":{"line":297,"column":13}},"type":"if","locations":[{"start":{"line":295,"column":12},"end":{"line":297,"column":13}},{"start":{},"end":{}}],"line":295},"21":{"loc":{"start":{"line":295,"column":16},"end":{"line":295,"column":65}},"type":"binary-expr","locations":[{"start":{"line":295,"column":16},"end":{"line":295,"column":44}},{"start":{"line":295,"column":48},"end":{"line":295,"column":65}}],"line":295},"22":{"loc":{"start":{"line":326,"column":8},"end":{"line":333,"column":9}},"type":"if","locations":[{"start":{"line":326,"column":8},"end":{"line":333,"column":9}},{"start":{"line":328,"column":15},"end":{"line":333,"column":9}}],"line":326},"23":{"loc":{"start":{"line":326,"column":12},"end":{"line":326,"column":72}},"type":"binary-expr","locations":[{"start":{"line":326,"column":12},"end":{"line":326,"column":19}},{"start":{"line":326,"column":23},"end":{"line":326,"column":50}},{"start":{"line":326,"column":54},"end":{"line":326,"column":72}}],"line":326},"24":{"loc":{"start":{"line":357,"column":8},"end":{"line":362,"column":9}},"type":"if","locations":[{"start":{"line":357,"column":8},"end":{"line":362,"column":9}},{"start":{},"end":{}}],"line":357}},"s":{"0":1,"1":1,"2":1,"3":1,"4":0,"5":0,"6":0,"7":0,"8":0,"9":0,"10":0,"11":0,"12":0,"13":0,"14":0,"15":0,"16":0,"17":0,"18":0,"19":0,"20":0,"21":0,"22":0,"23":0,"24":0,"25":0,"26":0,"27":0,"28":0,"29":0,"30":1,"31":0,"32":0,"33":0,"34":0,"35":0,"36":0,"37":0,"38":0,"39":0,"40":0,"41":0,"42":0,"43":0,"44":0,"45":0,"46":0,"47":0,"48":0,"49":0,"50":0,"51":0,"52":0,"53":0,"54":0,"55":0,"56":0,"57":0,"58":0,"59":0,"60":0,"61":0,"62":0,"63":0,"64":0,"65":0,"66":0,"67":0,"68":0,"69":0,"70":0,"71":0,"72":0,"73":0,"74":0,"75":0,"76":0,"77":0,"78":0,"79":0,"80":0,"81":0,"82":0,"83":0,"84":0,"85":0,"86":0,"87":0,"88":0,"89":0,"90":0,"91":0,"92":0,"93":0,"94":0,"95":0,"96":0,"97":0,"98":0,"99":0,"100":0,"101":0},"f":{"0":1,"1":0,"2":0,"3":0,"4":0,"5":0,"6":0},"b":{"0":[0,0],"1":[0,0],"2":[0,0],"3":[0,0],"4":[0,0],"5":[0,0],"6":[0,0],"7":[0,0],"8":[0,0],"9":[0,0],"10":[0,0],"11":[0,0],"12":[0,0],"13":[0],"14":[0,0],"15":[0,0],"16":[0,0],"17":[0,0],"18":[0,0],"19":[0,0,0],"20":[0,0],"21":[0,0],"22":[0,0],"23":[0,0,0],"24":[0,0]},"_coverageSchema":"1a1c01bbd47fc00a2c39e90264f33305004495a9","hash":"15df66076f7c9336ba51064e2d5ceea171ffd350"}
,"C:\\Users\\mrwol\\Documents\\GitHub\\PALoSA-refined\\server\\utils\\processLogFiles.js": {"path":"C:\\Users\\mrwol\\Documents\\GitHub\\PALoSA-refined\\server\\utils\\processLogFiles.js","statementMap":{"0":{"start":{"line":18,"column":4},"end":{"line":45,"column":5}},"1":{"start":{"line":19,"column":25},"end":{"line":19,"column":68}},"2":{"start":{"line":20,"column":8},"end":{"line":22,"column":10}},"3":{"start":{"line":24,"column":24},"end":{"line":24,"column":74}},"4":{"start":{"line":25,"column":8},"end":{"line":41,"column":9}},"5":{"start":{"line":26,"column":12},"end":{"line":40,"column":13}},"6":{"start":{"line":31,"column":33},"end":{"line":31,"column":66}},"7":{"start":{"line":32,"column":36},"end":{"line":32,"column":70}},"8":{"start":{"line":33,"column":39},"end":{"line":37,"column":17}},"9":{"start":{"line":38,"column":16},"end":{"line":38,"column":68}},"10":{"start":{"line":39,"column":16},"end":{"line":39,"column":67}},"11":{"start":{"line":43,"column":8},"end":{"line":43,"column":61}},"12":{"start":{"line":44,"column":8},"end":{"line":44,"column":20}}},"fnMap":{"0":{"name":"processLogFiles","decl":{"start":{"line":17,"column":30},"end":{"line":17,"column":45}},"loc":{"start":{"line":17,"column":75},"end":{"line":46,"column":1}},"line":17}},"branchMap":{"0":{"loc":{"start":{"line":26,"column":12},"end":{"line":40,"column":13}},"type":"if","locations":[{"start":{"line":26,"column":12},"end":{"line":40,"column":13}},{"start":{},"end":{}}],"line":26},"1":{"loc":{"start":{"line":27,"column":16},"end":{"line":29,"column":46}},"type":"binary-expr","locations":[{"start":{"line":27,"column":16},"end":{"line":27,"column":31}},{"start":{"line":28,"column":16},"end":{"line":28,"column":45}},{"start":{"line":29,"column":16},"end":{"line":29,"column":46}}],"line":27}},"s":{"0":1,"1":1,"2":1,"3":0,"4":0,"5":0,"6":0,"7":0,"8":0,"9":0,"10":0,"11":1,"12":0},"f":{"0":1},"b":{"0":[0,0],"1":[0,0,0]},"_coverageSchema":"1a1c01bbd47fc00a2c39e90264f33305004495a9","hash":"afa8c0b3f1b380bf9dc573db4e166013df4600cc"}
,"C:\\Users\\mrwol\\Documents\\GitHub\\PALoSA-refined\\server\\utils\\pseudonymizeMail.js": {"path":"C:\\Users\\mrwol\\Documents\\GitHub\\PALoSA-refined\\server\\utils\\pseudonymizeMail.js","statementMap":{"0":{"start":{"line":4,"column":25},"end":{"line":4,"column":47}},"1":{"start":{"line":22,"column":36},"end":{"line":22,"column":52}},"2":{"start":{"line":23,"column":24},"end":{"line":23,"column":45}},"3":{"start":{"line":24,"column":16},"end":{"line":24,"column":33}},"4":{"start":{"line":26,"column":24},"end":{"line":26,"column":76}},"5":{"start":{"line":27,"column":25},"end":{"line":27,"column":89}},"6":{"start":{"line":29,"column":4},"end":{"line":29,"column":51}}},"fnMap":{"0":{"name":"pseudonymizeEmail","decl":{"start":{"line":21,"column":30},"end":{"line":21,"column":47}},"loc":{"start":{"line":21,"column":55},"end":{"line":30,"column":1}},"line":21}},"branchMap":{},"s":{"0":4,"1":2,"2":2,"3":2,"4":2,"5":2,"6":2},"f":{"0":2},"b":{},"_coverageSchema":"1a1c01bbd47fc00a2c39e90264f33305004495a9","hash":"c047cd2d8d3f8c3db9437e3695fd47c8a28baa58"}
,"C:\\Users\\mrwol\\Documents\\GitHub\\PALoSA-refined\\server\\utils\\requestRegex.js": {"path":"C:\\Users\\mrwol\\Documents\\GitHub\\PALoSA-refined\\server\\utils\\requestRegex.js","statementMap":{"0":{"start":{"line":28,"column":4},"end":{"line":90,"column":5}},"1":{"start":{"line":29,"column":22},"end":{"line":33,"column":9}},"2":{"start":{"line":35,"column":31},"end":{"line":39,"column":10}},"3":{"start":{"line":35,"column":41},"end":{"line":39,"column":9}},"4":{"start":{"line":41,"column":32},"end":{"line":43,"column":10}},"5":{"start":{"line":41,"column":42},"end":{"line":43,"column":9}},"6":{"start":{"line":49,"column":8},"end":{"line":84,"column":9}},"7":{"start":{"line":50,"column":12},"end":{"line":75,"column":13}},"8":{"start":{"line":51,"column":16},"end":{"line":51,"column":78}},"9":{"start":{"line":52,"column":16},"end":{"line":52,"column":75}},"10":{"start":{"line":54,"column":16},"end":{"line":61,"column":18}},"11":{"start":{"line":57,"column":28},"end":{"line":57,"column":79}},"12":{"start":{"line":59,"column":41},"end":{"line":59,"column":54}},"13":{"start":{"line":62,"column":19},"end":{"line":75,"column":13}},"14":{"start":{"line":63,"column":16},"end":{"line":63,"column":75}},"15":{"start":{"line":64,"column":16},"end":{"line":64,"column":40}},"16":{"start":{"line":65,"column":19},"end":{"line":75,"column":13}},"17":{"start":{"line":66,"column":16},"end":{"line":66,"column":78}},"18":{"start":{"line":67,"column":16},"end":{"line":71,"column":52}},"19":{"start":{"line":69,"column":24},"end":{"line":69,"column":75}},"20":{"start":{"line":71,"column":37},"end":{"line":71,"column":50}},"21":{"start":{"line":73,"column":16},"end":{"line":73,"column":63}},"22":{"start":{"line":74,"column":16},"end":{"line":74,"column":26}},"23":{"start":{"line":77,"column":12},"end":{"line":83,"column":13}},"24":{"start":{"line":78,"column":16},"end":{"line":78,"column":75}},"25":{"start":{"line":79,"column":16},"end":{"line":79,"column":40}},"26":{"start":{"line":81,"column":16},"end":{"line":81,"column":70}},"27":{"start":{"line":82,"column":16},"end":{"line":82,"column":26}},"28":{"start":{"line":86,"column":8},"end":{"line":86,"column":24}},"29":{"start":{"line":88,"column":8},"end":{"line":88,"column":59}},"30":{"start":{"line":89,"column":8},"end":{"line":89,"column":18}}},"fnMap":{"0":{"name":"requestRegex","decl":{"start":{"line":27,"column":30},"end":{"line":27,"column":42}},"loc":{"start":{"line":27,"column":67},"end":{"line":91,"column":1}},"line":27},"1":{"name":"(anonymous_1)","decl":{"start":{"line":35,"column":31},"end":{"line":35,"column":32}},"loc":{"start":{"line":35,"column":41},"end":{"line":39,"column":9}},"line":35},"2":{"name":"(anonymous_2)","decl":{"start":{"line":41,"column":32},"end":{"line":41,"column":33}},"loc":{"start":{"line":41,"column":42},"end":{"line":43,"column":9}},"line":41},"3":{"name":"(anonymous_3)","decl":{"start":{"line":56,"column":32},"end":{"line":56,"column":33}},"loc":{"start":{"line":57,"column":28},"end":{"line":57,"column":79}},"line":57},"4":{"name":"(anonymous_4)","decl":{"start":{"line":59,"column":29},"end":{"line":59,"column":30}},"loc":{"start":{"line":59,"column":41},"end":{"line":59,"column":54}},"line":59},"5":{"name":"(anonymous_5)","decl":{"start":{"line":68,"column":28},"end":{"line":68,"column":29}},"loc":{"start":{"line":69,"column":24},"end":{"line":69,"column":75}},"line":69},"6":{"name":"(anonymous_6)","decl":{"start":{"line":71,"column":25},"end":{"line":71,"column":26}},"loc":{"start":{"line":71,"column":37},"end":{"line":71,"column":50}},"line":71}},"branchMap":{"0":{"loc":{"start":{"line":36,"column":28},"end":{"line":38,"column":20}},"type":"cond-expr","locations":[{"start":{"line":37,"column":18},"end":{"line":37,"column":36}},{"start":{"line":38,"column":18},"end":{"line":38,"column":20}}],"line":36},"1":{"loc":{"start":{"line":42,"column":22},"end":{"line":42,"column":69}},"type":"cond-expr","locations":[{"start":{"line":42,"column":52},"end":{"line":42,"column":64}},{"start":{"line":42,"column":67},"end":{"line":42,"column":69}}],"line":42},"2":{"loc":{"start":{"line":49,"column":8},"end":{"line":84,"column":9}},"type":"if","locations":[{"start":{"line":49,"column":8},"end":{"line":84,"column":9}},{"start":{"line":76,"column":15},"end":{"line":84,"column":9}}],"line":49},"3":{"loc":{"start":{"line":50,"column":12},"end":{"line":75,"column":13}},"type":"if","locations":[{"start":{"line":50,"column":12},"end":{"line":75,"column":13}},{"start":{"line":62,"column":19},"end":{"line":75,"column":13}}],"line":50},"4":{"loc":{"start":{"line":50,"column":16},"end":{"line":50,"column":62}},"type":"binary-expr","locations":[{"start":{"line":50,"column":16},"end":{"line":50,"column":36}},{"start":{"line":50,"column":40},"end":{"line":50,"column":62}}],"line":50},"5":{"loc":{"start":{"line":62,"column":19},"end":{"line":75,"column":13}},"type":"if","locations":[{"start":{"line":62,"column":19},"end":{"line":75,"column":13}},{"start":{"line":65,"column":19},"end":{"line":75,"column":13}}],"line":62},"6":{"loc":{"start":{"line":65,"column":19},"end":{"line":75,"column":13}},"type":"if","locations":[{"start":{"line":65,"column":19},"end":{"line":75,"column":13}},{"start":{"line":72,"column":19},"end":{"line":75,"column":13}}],"line":65},"7":{"loc":{"start":{"line":77,"column":12},"end":{"line":83,"column":13}},"type":"if","locations":[{"start":{"line":77,"column":12},"end":{"line":83,"column":13}},{"start":{"line":80,"column":19},"end":{"line":83,"column":13}}],"line":77}},"s":{"0":4,"1":4,"2":4,"3":2,"4":4,"5":3,"6":4,"7":3,"8":2,"9":2,"10":2,"11":3,"12":3,"13":1,"14":0,"15":0,"16":1,"17":0,"18":0,"19":0,"20":0,"21":1,"22":1,"23":1,"24":1,"25":1,"26":0,"27":0,"28":3,"29":0,"30":0},"f":{"0":4,"1":2,"2":3,"3":3,"4":3,"5":0,"6":0},"b":{"0":[2,0],"1":[3,0],"2":[3,1],"3":[2,1],"4":[3,2],"5":[0,1],"6":[0,1],"7":[1,0]},"_coverageSchema":"1a1c01bbd47fc00a2c39e90264f33305004495a9","hash":"031e7ad91d6f25b609e0b3e035b6fb5594abe3f8"}
}
