{"C:\\Users\\mrwol\\Documents\\GitHub\\PALoSA-refined\\server\\utils\\PseudoContentRegex.js": {"path":"C:\\Users\\mrwol\\Documents\\GitHub\\PALoSA-refined\\server\\utils\\PseudoContentRegex.js","statementMap":{"0":{"start":{"line":9,"column":25},"end":{"line":9,"column":46}},"1":{"start":{"line":12,"column":11},"end":{"line":12,"column":64}},"2":{"start":{"line":37,"column":17},"end":{"line":37,"column":24}},"3":{"start":{"line":41,"column":20},"end":{"line":41,"column":77}},"4":{"start":{"line":41,"column":49},"end":{"line":41,"column":76}},"5":{"start":{"line":44,"column":4},"end":{"line":59,"column":5}},"6":{"start":{"line":45,"column":8},"end":{"line":58,"column":11}},"7":{"start":{"line":46,"column":12},"end":{"line":57,"column":13}},"8":{"start":{"line":48,"column":33},"end":{"line":48,"column":56}},"9":{"start":{"line":49,"column":44},"end":{"line":49,"column":71}},"10":{"start":{"line":50,"column":16},"end":{"line":50,"column":61}},"11":{"start":{"line":51,"column":19},"end":{"line":57,"column":13}},"12":{"start":{"line":52,"column":16},"end":{"line":52,"column":70}},"13":{"start":{"line":53,"column":16},"end":{"line":53,"column":54}},"14":{"start":{"line":56,"column":16},"end":{"line":56,"column":66}},"15":{"start":{"line":61,"column":4},"end":{"line":61,"column":18}},"16":{"start":{"line":91,"column":20},"end":{"line":91,"column":22}},"17":{"start":{"line":92,"column":4},"end":{"line":96,"column":7}},"18":{"start":{"line":93,"column":23},"end":{"line":93,"column":44}},"19":{"start":{"line":94,"column":8},"end":{"line":94,"column":40}},"20":{"start":{"line":95,"column":8},"end":{"line":95,"column":21}},"21":{"start":{"line":98,"column":19},"end":{"line":98,"column":21}},"22":{"start":{"line":99,"column":20},"end":{"line":99,"column":21}},"23":{"start":{"line":101,"column":4},"end":{"line":106,"column":5}},"24":{"start":{"line":102,"column":8},"end":{"line":102,"column":54}},"25":{"start":{"line":103,"column":28},"end":{"line":103,"column":48}},"26":{"start":{"line":104,"column":8},"end":{"line":104,"column":33}},"27":{"start":{"line":105,"column":8},"end":{"line":105,"column":42}},"28":{"start":{"line":108,"column":4},"end":{"line":108,"column":42}},"29":{"start":{"line":109,"column":4},"end":{"line":109,"column":27}}},"fnMap":{"0":{"name":"pseudoContentRegex","decl":{"start":{"line":36,"column":30},"end":{"line":36,"column":48}},"loc":{"start":{"line":36,"column":68},"end":{"line":62,"column":1}},"line":36},"1":{"name":"(anonymous_1)","decl":{"start":{"line":41,"column":33},"end":{"line":41,"column":34}},"loc":{"start":{"line":41,"column":49},"end":{"line":41,"column":76}},"line":41},"2":{"name":"(anonymous_2)","decl":{"start":{"line":45,"column":51},"end":{"line":45,"column":52}},"loc":{"start":{"line":45,"column":68},"end":{"line":58,"column":9}},"line":45},"3":{"name":"replaceAsync","decl":{"start":{"line":90,"column":15},"end":{"line":90,"column":27}},"loc":{"start":{"line":90,"column":49},"end":{"line":110,"column":1}},"line":90},"4":{"name":"(anonymous_4)","decl":{"start":{"line":92,"column":23},"end":{"line":92,"column":24}},"loc":{"start":{"line":92,"column":43},"end":{"line":96,"column":5}},"line":92}},"branchMap":{"0":{"loc":{"start":{"line":46,"column":12},"end":{"line":57,"column":13}},"type":"if","locations":[{"start":{"line":46,"column":12},"end":{"line":57,"column":13}},{"start":{"line":51,"column":19},"end":{"line":57,"column":13}}],"line":46},"1":{"loc":{"start":{"line":51,"column":19},"end":{"line":57,"column":13}},"type":"if","locations":[{"start":{"line":51,"column":19},"end":{"line":57,"column":13}},{"start":{"line":54,"column":19},"end":{"line":57,"column":13}}],"line":51}},"s":{"0":3,"1":3,"2":4,"3":4,"4":4,"5":4,"6":4,"7":4,"8":2,"9":2,"10":2,"11":2,"12":2,"13":2,"14":0,"15":4,"16":4,"17":4,"18":4,"19":4,"20":4,"21":4,"22":4,"23":4,"24":4,"25":4,"26":4,"27":4,"28":4,"29":4},"f":{"0":4,"1":4,"2":4,"3":4,"4":4},"b":{"0":[2,2],"1":[2,0]},"_coverageSchema":"1a1c01bbd47fc00a2c39e90264f33305004495a9","hash":"8e7ca4d1a9af576aa7e59d76054f17ac57cf3df8"}
,"C:\\Users\\mrwol\\Documents\\GitHub\\PALoSA-refined\\server\\utils\\copyFileToOutput.js": {"path":"C:\\Users\\mrwol\\Documents\\GitHub\\PALoSA-refined\\server\\utils\\copyFileToOutput.js","statementMap":{"0":{"start":{"line":27,"column":4},"end":{"line":62,"column":5}},"1":{"start":{"line":28,"column":8},"end":{"line":28,"column":50}},"2":{"start":{"line":30,"column":8},"end":{"line":33,"column":9}},"3":{"start":{"line":31,"column":12},"end":{"line":31,"column":75}},"4":{"start":{"line":32,"column":12},"end":{"line":32,"column":19}},"5":{"start":{"line":34,"column":8},"end":{"line":37,"column":9}},"6":{"start":{"line":35,"column":12},"end":{"line":35,"column":75}},"7":{"start":{"line":36,"column":12},"end":{"line":36,"column":19}},"8":{"start":{"line":40,"column":22},"end":{"line":40,"column":57}},"9":{"start":{"line":43,"column":8},"end":{"line":59,"column":9}},"10":{"start":{"line":44,"column":12},"end":{"line":44,"column":45}},"11":{"start":{"line":45,"column":12},"end":{"line":45,"column":19}},"12":{"start":{"line":47,"column":12},"end":{"line":58,"column":13}},"13":{"start":{"line":48,"column":32},"end":{"line":48,"column":58}},"14":{"start":{"line":49,"column":29},"end":{"line":49,"column":59}},"15":{"start":{"line":51,"column":16},"end":{"line":56,"column":17}},"16":{"start":{"line":53,"column":40},"end":{"line":53,"column":68}},"17":{"start":{"line":54,"column":37},"end":{"line":54,"column":70}},"18":{"start":{"line":55,"column":20},"end":{"line":55,"column":65}},"19":{"start":{"line":61,"column":8},"end":{"line":61,"column":59}}},"fnMap":{"0":{"name":"copyFileToOutput","decl":{"start":{"line":26,"column":30},"end":{"line":26,"column":46}},"loc":{"start":{"line":26,"column":69},"end":{"line":63,"column":1}},"line":26}},"branchMap":{"0":{"loc":{"start":{"line":30,"column":8},"end":{"line":33,"column":9}},"type":"if","locations":[{"start":{"line":30,"column":8},"end":{"line":33,"column":9}},{"start":{},"end":{}}],"line":30},"1":{"loc":{"start":{"line":34,"column":8},"end":{"line":37,"column":9}},"type":"if","locations":[{"start":{"line":34,"column":8},"end":{"line":37,"column":9}},{"start":{},"end":{}}],"line":34},"2":{"loc":{"start":{"line":43,"column":8},"end":{"line":59,"column":9}},"type":"if","locations":[{"start":{"line":43,"column":8},"end":{"line":59,"column":9}},{"start":{"line":46,"column":15},"end":{"line":59,"column":9}}],"line":43},"3":{"loc":{"start":{"line":51,"column":16},"end":{"line":56,"column":17}},"type":"if","locations":[{"start":{"line":51,"column":16},"end":{"line":56,"column":17}},{"start":{},"end":{}}],"line":51}},"s":{"0":2,"1":2,"2":2,"3":1,"4":1,"5":1,"6":0,"7":0,"8":1,"9":1,"10":0,"11":0,"12":1,"13":1,"14":1,"15":1,"16":1,"17":1,"18":1,"19":0},"f":{"0":2},"b":{"0":[1,1],"1":[0,1],"2":[0,1],"3":[1,0]},"_coverageSchema":"1a1c01bbd47fc00a2c39e90264f33305004495a9","hash":"4189dc705e1cb25253e4d8211f5da449e1315c7f"}
,"C:\\Users\\mrwol\\Documents\\GitHub\\PALoSA-refined\\server\\utils\\createFile.js": {"path":"C:\\Users\\mrwol\\Documents\\GitHub\\PALoSA-refined\\server\\utils\\createFile.js","statementMap":{"0":{"start":{"line":24,"column":4},"end":{"line":24,"column":63}},"1":{"start":{"line":24,"column":34},"end":{"line":24,"column":63}},"2":{"start":{"line":26,"column":21},"end":{"line":26,"column":63}},"3":{"start":{"line":29,"column":4},"end":{"line":29,"column":48}},"4":{"start":{"line":32,"column":4},"end":{"line":32,"column":39}}},"fnMap":{"0":{"name":"createFile","decl":{"start":{"line":22,"column":22},"end":{"line":22,"column":32}},"loc":{"start":{"line":22,"column":78},"end":{"line":34,"column":1}},"line":22}},"branchMap":{"0":{"loc":{"start":{"line":22,"column":64},"end":{"line":22,"column":76}},"type":"default-arg","locations":[{"start":{"line":22,"column":74},"end":{"line":22,"column":76}}],"line":22},"1":{"loc":{"start":{"line":24,"column":4},"end":{"line":24,"column":63}},"type":"if","locations":[{"start":{"line":24,"column":4},"end":{"line":24,"column":63}},{"start":{},"end":{}}],"line":24}},"s":{"0":2,"1":0,"2":2,"3":2,"4":2},"f":{"0":2},"b":{"0":[0],"1":[0,2]},"_coverageSchema":"1a1c01bbd47fc00a2c39e90264f33305004495a9","hash":"942924d9f0f5f9289822fab4f0228d9a370efccc"}
,"C:\\Users\\mrwol\\Documents\\GitHub\\PALoSA-refined\\server\\utils\\generateFileName.js": {"path":"C:\\Users\\mrwol\\Documents\\GitHub\\PALoSA-refined\\server\\utils\\generateFileName.js","statementMap":{"0":{"start":{"line":14,"column":4},"end":{"line":27,"column":5}},"1":{"start":{"line":16,"column":25},"end":{"line":16,"column":50}},"2":{"start":{"line":18,"column":8},"end":{"line":22,"column":9}},"3":{"start":{"line":19,"column":12},"end":{"line":19,"column":89}},"4":{"start":{"line":21,"column":12},"end":{"line":21,"column":43}},"5":{"start":{"line":23,"column":8},"end":{"line":23,"column":23}},"6":{"start":{"line":25,"column":8},"end":{"line":25,"column":59}},"7":{"start":{"line":26,"column":8},"end":{"line":26,"column":24}}},"fnMap":{"0":{"name":"generateFileName","decl":{"start":{"line":13,"column":30},"end":{"line":13,"column":46}},"loc":{"start":{"line":13,"column":57},"end":{"line":28,"column":1}},"line":13}},"branchMap":{"0":{"loc":{"start":{"line":18,"column":8},"end":{"line":22,"column":9}},"type":"if","locations":[{"start":{"line":18,"column":8},"end":{"line":22,"column":9}},{"start":{"line":20,"column":15},"end":{"line":22,"column":9}}],"line":18}},"s":{"0":3,"1":3,"2":3,"3":2,"4":1,"5":3,"6":0,"7":0},"f":{"0":3},"b":{"0":[2,1]},"_coverageSchema":"1a1c01bbd47fc00a2c39e90264f33305004495a9","hash":"3c24a953bc038da04e2792d96480362ca7e6d9fa"}
,"C:\\Users\\mrwol\\Documents\\GitHub\\PALoSA-refined\\server\\utils\\ipBuffer.js": {"path":"C:\\Users\\mrwol\\Documents\\GitHub\\PALoSA-refined\\server\\utils\\ipBuffer.js","statementMap":{"0":{"start":{"line":14,"column":4},"end":{"line":14,"column":74}},"1":{"start":{"line":14,"column":52},"end":{"line":14,"column":71}},"2":{"start":{"line":28,"column":4},"end":{"line":28,"column":37}}},"fnMap":{"0":{"name":"ipStringToBuffer","decl":{"start":{"line":12,"column":16},"end":{"line":12,"column":32}},"loc":{"start":{"line":12,"column":37},"end":{"line":15,"column":1}},"line":12},"1":{"name":"(anonymous_1)","decl":{"start":{"line":14,"column":41},"end":{"line":14,"column":42}},"loc":{"start":{"line":14,"column":52},"end":{"line":14,"column":71}},"line":14},"2":{"name":"bufferToIpString","decl":{"start":{"line":27,"column":16},"end":{"line":27,"column":32}},"loc":{"start":{"line":27,"column":38},"end":{"line":29,"column":1}},"line":27}},"branchMap":{},"s":{"0":4,"1":16,"2":4},"f":{"0":4,"1":16,"2":4},"b":{},"_coverageSchema":"1a1c01bbd47fc00a2c39e90264f33305004495a9","hash":"ff1a5d008e622e80855980832b1c60094b75d2d5"}
,"C:\\Users\\mrwol\\Documents\\GitHub\\PALoSA-refined\\server\\utils\\isEMailAddress.js": {"path":"C:\\Users\\mrwol\\Documents\\GitHub\\PALoSA-refined\\server\\utils\\isEMailAddress.js","statementMap":{"0":{"start":{"line":20,"column":23},"end":{"line":20,"column":51}},"1":{"start":{"line":21,"column":4},"end":{"line":21,"column":32}}},"fnMap":{"0":{"name":"isEmailAddress","decl":{"start":{"line":19,"column":24},"end":{"line":19,"column":38}},"loc":{"start":{"line":19,"column":44},"end":{"line":22,"column":1}},"line":19}},"branchMap":{},"s":{"0":5,"1":5},"f":{"0":5},"b":{},"_coverageSchema":"1a1c01bbd47fc00a2c39e90264f33305004495a9","hash":"332b85340cc230bc4029aadc7f1f01bf22a10743"}
,"C:\\Users\\mrwol\\Documents\\GitHub\\PALoSA-refined\\server\\utils\\isIPv4Address.js": {"path":"C:\\Users\\mrwol\\Documents\\GitHub\\PALoSA-refined\\server\\utils\\isIPv4Address.js","statementMap":{"0":{"start":{"line":16,"column":4},"end":{"line":18,"column":5}},"1":{"start":{"line":17,"column":8},"end":{"line":17,"column":21}},"2":{"start":{"line":21,"column":8},"end":{"line":21,"column":198}},"3":{"start":{"line":24,"column":20},"end":{"line":24,"column":38}},"4":{"start":{"line":26,"column":4},"end":{"line":26,"column":19}}},"fnMap":{"0":{"name":"isIPv4Address","decl":{"start":{"line":14,"column":24},"end":{"line":14,"column":37}},"loc":{"start":{"line":14,"column":42},"end":{"line":27,"column":1}},"line":14}},"branchMap":{"0":{"loc":{"start":{"line":16,"column":4},"end":{"line":18,"column":5}},"type":"if","locations":[{"start":{"line":16,"column":4},"end":{"line":18,"column":5}},{"start":{},"end":{}}],"line":16}},"s":{"0":9,"1":0,"2":9,"3":9,"4":9},"f":{"0":9},"b":{"0":[0,9]},"_coverageSchema":"1a1c01bbd47fc00a2c39e90264f33305004495a9","hash":"fabf8f410eb5b217bcea858e8b158f0781b46b04"}
,"C:\\Users\\mrwol\\Documents\\GitHub\\PALoSA-refined\\server\\utils\\mergeSettings.js": {"path":"C:\\Users\\mrwol\\Documents\\GitHub\\PALoSA-refined\\server\\utils\\mergeSettings.js","statementMap":{"0":{"start":{"line":40,"column":20},"end":{"line":40,"column":67}},"1":{"start":{"line":41,"column":23},"end":{"line":41,"column":56}},"2":{"start":{"line":43,"column":4},"end":{"line":116,"column":5}},"3":{"start":{"line":46,"column":8},"end":{"line":58,"column":9}},"4":{"start":{"line":47,"column":32},"end":{"line":47,"column":70}},"5":{"start":{"line":48,"column":12},"end":{"line":48,"column":47}},"6":{"start":{"line":50,"column":12},"end":{"line":57,"column":13}},"7":{"start":{"line":52,"column":32},"end":{"line":52,"column":66}},"8":{"start":{"line":53,"column":16},"end":{"line":53,"column":69}},"9":{"start":{"line":54,"column":16},"end":{"line":54,"column":56}},"10":{"start":{"line":56,"column":16},"end":{"line":56,"column":26}},"11":{"start":{"line":61,"column":23},"end":{"line":66,"column":9}},"12":{"start":{"line":68,"column":24},"end":{"line":68,"column":36}},"13":{"start":{"line":69,"column":8},"end":{"line":71,"column":9}},"14":{"start":{"line":70,"column":12},"end":{"line":70,"column":56}},"15":{"start":{"line":74,"column":29},"end":{"line":74,"column":52}},"16":{"start":{"line":75,"column":30},"end":{"line":75,"column":58}},"17":{"start":{"line":78,"column":30},"end":{"line":83,"column":10}},"18":{"start":{"line":78,"column":40},"end":{"line":83,"column":9}},"19":{"start":{"line":85,"column":27},"end":{"line":85,"column":54}},"20":{"start":{"line":86,"column":28},"end":{"line":86,"column":56}},"21":{"start":{"line":89,"column":8},"end":{"line":91,"column":9}},"22":{"start":{"line":90,"column":12},"end":{"line":90,"column":34}},"23":{"start":{"line":94,"column":26},"end":{"line":94,"column":51}},"24":{"start":{"line":96,"column":8},"end":{"line":101,"column":49}},"25":{"start":{"line":101,"column":28},"end":{"line":101,"column":47}},"26":{"start":{"line":103,"column":8},"end":{"line":103,"column":49}},"27":{"start":{"line":106,"column":8},"end":{"line":110,"column":10}},"28":{"start":{"line":114,"column":8},"end":{"line":114,"column":56}},"29":{"start":{"line":115,"column":8},"end":{"line":115,"column":18}}},"fnMap":{"0":{"name":"mergeSettings","decl":{"start":{"line":39,"column":30},"end":{"line":39,"column":43}},"loc":{"start":{"line":39,"column":71},"end":{"line":117,"column":1}},"line":39},"1":{"name":"(anonymous_1)","decl":{"start":{"line":78,"column":30},"end":{"line":78,"column":31}},"loc":{"start":{"line":78,"column":40},"end":{"line":83,"column":9}},"line":78},"2":{"name":"(anonymous_2)","decl":{"start":{"line":101,"column":18},"end":{"line":101,"column":19}},"loc":{"start":{"line":101,"column":28},"end":{"line":101,"column":47}},"line":101}},"branchMap":{"0":{"loc":{"start":{"line":50,"column":12},"end":{"line":57,"column":13}},"type":"if","locations":[{"start":{"line":50,"column":12},"end":{"line":57,"column":13}},{"start":{"line":55,"column":19},"end":{"line":57,"column":13}}],"line":50},"1":{"loc":{"start":{"line":69,"column":8},"end":{"line":71,"column":9}},"type":"if","locations":[{"start":{"line":69,"column":8},"end":{"line":71,"column":9}},{"start":{},"end":{}}],"line":69},"2":{"loc":{"start":{"line":74,"column":29},"end":{"line":74,"column":52}},"type":"binary-expr","locations":[{"start":{"line":74,"column":29},"end":{"line":74,"column":46}},{"start":{"line":74,"column":50},"end":{"line":74,"column":52}}],"line":74},"3":{"loc":{"start":{"line":75,"column":30},"end":{"line":75,"column":58}},"type":"binary-expr","locations":[{"start":{"line":75,"column":30},"end":{"line":75,"column":52}},{"start":{"line":75,"column":56},"end":{"line":75,"column":58}}],"line":75},"4":{"loc":{"start":{"line":79,"column":28},"end":{"line":81,"column":20}},"type":"cond-expr","locations":[{"start":{"line":80,"column":18},"end":{"line":80,"column":36}},{"start":{"line":81,"column":18},"end":{"line":81,"column":20}}],"line":79},"5":{"loc":{"start":{"line":82,"column":22},"end":{"line":82,"column":69}},"type":"cond-expr","locations":[{"start":{"line":82,"column":52},"end":{"line":82,"column":64}},{"start":{"line":82,"column":67},"end":{"line":82,"column":69}}],"line":82},"6":{"loc":{"start":{"line":89,"column":8},"end":{"line":91,"column":9}},"type":"if","locations":[{"start":{"line":89,"column":8},"end":{"line":91,"column":9}},{"start":{},"end":{}}],"line":89}},"s":{"0":2,"1":2,"2":2,"3":2,"4":2,"5":1,"6":1,"7":1,"8":1,"9":1,"10":0,"11":2,"12":2,"13":2,"14":0,"15":2,"16":2,"17":2,"18":4,"19":2,"20":2,"21":2,"22":0,"23":2,"24":2,"25":6,"26":2,"27":2,"28":0,"29":0},"f":{"0":2,"1":4,"2":6},"b":{"0":[1,0],"1":[0,2],"2":[2,0],"3":[2,1],"4":[3,1],"5":[3,1],"6":[0,2]},"_coverageSchema":"1a1c01bbd47fc00a2c39e90264f33305004495a9","hash":"ec59a5fb66bc3c4fe73a723acf2b11cf6b096446"}
,"C:\\Users\\mrwol\\Documents\\GitHub\\PALoSA-refined\\server\\utils\\processJsonFiles.js": {"path":"C:\\Users\\mrwol\\Documents\\GitHub\\PALoSA-refined\\server\\utils\\processJsonFiles.js","statementMap":{"0":{"start":{"line":12,"column":0},"end":{"line":12,"column":16}},"1":{"start":{"line":46,"column":21},"end":{"line":46,"column":58}},"2":{"start":{"line":47,"column":20},"end":{"line":47,"column":70}},"3":{"start":{"line":50,"column":23},"end":{"line":50,"column":66}},"4":{"start":{"line":51,"column":24},"end":{"line":51,"column":26}},"5":{"start":{"line":52,"column":18},"end":{"line":52,"column":20}},"6":{"start":{"line":53,"column":4},"end":{"line":57,"column":5}},"7":{"start":{"line":54,"column":23},"end":{"line":54,"column":71}},"8":{"start":{"line":55,"column":8},"end":{"line":55,"column":45}},"9":{"start":{"line":56,"column":8},"end":{"line":56,"column":39}},"10":{"start":{"line":59,"column":4},"end":{"line":89,"column":5}},"11":{"start":{"line":60,"column":8},"end":{"line":88,"column":9}},"12":{"start":{"line":61,"column":29},"end":{"line":61,"column":62}},"13":{"start":{"line":62,"column":27},"end":{"line":62,"column":73}},"14":{"start":{"line":64,"column":12},"end":{"line":64,"column":58}},"15":{"start":{"line":65,"column":12},"end":{"line":65,"column":75}},"16":{"start":{"line":67,"column":12},"end":{"line":67,"column":59}},"17":{"start":{"line":68,"column":12},"end":{"line":73,"column":15}},"18":{"start":{"line":75,"column":12},"end":{"line":75,"column":52}},"19":{"start":{"line":76,"column":31},"end":{"line":76,"column":55}},"20":{"start":{"line":77,"column":35},"end":{"line":80,"column":13}},"21":{"start":{"line":81,"column":12},"end":{"line":85,"column":13}},"22":{"start":{"line":82,"column":16},"end":{"line":84,"column":18}},"23":{"start":{"line":86,"column":12},"end":{"line":86,"column":64}},"24":{"start":{"line":118,"column":23},"end":{"line":118,"column":66}},"25":{"start":{"line":119,"column":4},"end":{"line":119,"column":52}},"26":{"start":{"line":119,"column":36},"end":{"line":119,"column":52}},"27":{"start":{"line":120,"column":19},"end":{"line":120,"column":67}},"28":{"start":{"line":121,"column":20},"end":{"line":121,"column":40}},"29":{"start":{"line":122,"column":22},"end":{"line":122,"column":59}},"30":{"start":{"line":124,"column":22},"end":{"line":124,"column":53}},"31":{"start":{"line":125,"column":22},"end":{"line":125,"column":38}},"32":{"start":{"line":126,"column":4},"end":{"line":126,"column":30}},"33":{"start":{"line":127,"column":22},"end":{"line":127,"column":46}},"34":{"start":{"line":129,"column":4},"end":{"line":149,"column":5}},"35":{"start":{"line":131,"column":8},"end":{"line":148,"column":10}},"36":{"start":{"line":135,"column":30},"end":{"line":135,"column":44}},"37":{"start":{"line":136,"column":16},"end":{"line":146,"column":17}},"38":{"start":{"line":137,"column":37},"end":{"line":137,"column":60}},"39":{"start":{"line":138,"column":29},"end":{"line":140,"column":21}},"40":{"start":{"line":141,"column":20},"end":{"line":141,"column":40}},"41":{"start":{"line":142,"column":23},"end":{"line":146,"column":17}},"42":{"start":{"line":143,"column":20},"end":{"line":143,"column":68}},"43":{"start":{"line":145,"column":20},"end":{"line":145,"column":79}},"44":{"start":{"line":150,"column":4},"end":{"line":150,"column":20}},"45":{"start":{"line":174,"column":4},"end":{"line":186,"column":5}},"46":{"start":{"line":175,"column":51},"end":{"line":175,"column":57}},"47":{"start":{"line":176,"column":23},"end":{"line":176,"column":25}},"48":{"start":{"line":177,"column":8},"end":{"line":180,"column":9}},"49":{"start":{"line":178,"column":26},"end":{"line":178,"column":54}},"50":{"start":{"line":179,"column":12},"end":{"line":179,"column":56}},"51":{"start":{"line":179,"column":37},"end":{"line":179,"column":56}},"52":{"start":{"line":181,"column":8},"end":{"line":185,"column":9}},"53":{"start":{"line":182,"column":12},"end":{"line":182,"column":67}},"54":{"start":{"line":184,"column":12},"end":{"line":184,"column":49}},"55":{"start":{"line":187,"column":4},"end":{"line":187,"column":20}},"56":{"start":{"line":216,"column":4},"end":{"line":216,"column":56}},"57":{"start":{"line":216,"column":49},"end":{"line":216,"column":56}},"58":{"start":{"line":217,"column":4},"end":{"line":226,"column":5}},"59":{"start":{"line":218,"column":8},"end":{"line":221,"column":9}},"60":{"start":{"line":220,"column":12},"end":{"line":220,"column":37}},"61":{"start":{"line":222,"column":8},"end":{"line":225,"column":9}},"62":{"start":{"line":224,"column":12},"end":{"line":224,"column":68}},"63":{"start":{"line":243,"column":21},"end":{"line":243,"column":36}},"64":{"start":{"line":244,"column":18},"end":{"line":244,"column":21}},"65":{"start":{"line":245,"column":4},"end":{"line":251,"column":5}},"66":{"start":{"line":246,"column":8},"end":{"line":250,"column":9}},"67":{"start":{"line":247,"column":12},"end":{"line":247,"column":39}},"68":{"start":{"line":249,"column":12},"end":{"line":249,"column":29}},"69":{"start":{"line":252,"column":4},"end":{"line":252,"column":19}},"70":{"start":{"line":270,"column":17},"end":{"line":270,"column":32}},"71":{"start":{"line":271,"column":18},"end":{"line":271,"column":21}},"72":{"start":{"line":272,"column":4},"end":{"line":275,"column":5}},"73":{"start":{"line":272,"column":17},"end":{"line":272,"column":18}},"74":{"start":{"line":273,"column":8},"end":{"line":273,"column":57}},"75":{"start":{"line":273,"column":35},"end":{"line":273,"column":57}},"76":{"start":{"line":274,"column":8},"end":{"line":274,"column":35}},"77":{"start":{"line":276,"column":4},"end":{"line":276,"column":43}}},"fnMap":{"0":{"name":"processJsonFiles","decl":{"start":{"line":45,"column":30},"end":{"line":45,"column":46}},"loc":{"start":{"line":45,"column":79},"end":{"line":90,"column":1}},"line":45},"1":{"name":"processConfigSources","decl":{"start":{"line":117,"column":15},"end":{"line":117,"column":35}},"loc":{"start":{"line":117,"column":61},"end":{"line":151,"column":1}},"line":117},"2":{"name":"(anonymous_2)","decl":{"start":{"line":134,"column":12},"end":{"line":134,"column":13}},"loc":{"start":{"line":134,"column":38},"end":{"line":147,"column":13}},"line":134},"3":{"name":"processConfigDerived","decl":{"start":{"line":173,"column":9},"end":{"line":173,"column":29}},"loc":{"start":{"line":173,"column":59},"end":{"line":188,"column":1}},"line":173},"4":{"name":"traverseAndProcess","decl":{"start":{"line":215,"column":15},"end":{"line":215,"column":33}},"loc":{"start":{"line":215,"column":60},"end":{"line":227,"column":1}},"line":215},"5":{"name":"getByPath","decl":{"start":{"line":242,"column":9},"end":{"line":242,"column":18}},"loc":{"start":{"line":242,"column":30},"end":{"line":253,"column":1}},"line":242},"6":{"name":"setByPath","decl":{"start":{"line":269,"column":9},"end":{"line":269,"column":18}},"loc":{"start":{"line":269,"column":37},"end":{"line":277,"column":1}},"line":269}},"branchMap":{"0":{"loc":{"start":{"line":53,"column":4},"end":{"line":57,"column":5}},"type":"if","locations":[{"start":{"line":53,"column":4},"end":{"line":57,"column":5}},{"start":{},"end":{}}],"line":53},"1":{"loc":{"start":{"line":55,"column":24},"end":{"line":55,"column":44}},"type":"binary-expr","locations":[{"start":{"line":55,"column":24},"end":{"line":55,"column":38}},{"start":{"line":55,"column":42},"end":{"line":55,"column":44}}],"line":55},"2":{"loc":{"start":{"line":56,"column":18},"end":{"line":56,"column":38}},"type":"binary-expr","locations":[{"start":{"line":56,"column":18},"end":{"line":56,"column":32}},{"start":{"line":56,"column":36},"end":{"line":56,"column":38}}],"line":56},"3":{"loc":{"start":{"line":60,"column":8},"end":{"line":88,"column":9}},"type":"if","locations":[{"start":{"line":60,"column":8},"end":{"line":88,"column":9}},{"start":{},"end":{}}],"line":60},"4":{"loc":{"start":{"line":60,"column":12},"end":{"line":60,"column":60}},"type":"binary-expr","locations":[{"start":{"line":60,"column":12},"end":{"line":60,"column":27}},{"start":{"line":60,"column":31},"end":{"line":60,"column":60}}],"line":60},"5":{"loc":{"start":{"line":81,"column":12},"end":{"line":85,"column":13}},"type":"if","locations":[{"start":{"line":81,"column":12},"end":{"line":85,"column":13}},{"start":{},"end":{}}],"line":81},"6":{"loc":{"start":{"line":119,"column":4},"end":{"line":119,"column":52}},"type":"if","locations":[{"start":{"line":119,"column":4},"end":{"line":119,"column":52}},{"start":{},"end":{}}],"line":119},"7":{"loc":{"start":{"line":121,"column":20},"end":{"line":121,"column":40}},"type":"binary-expr","locations":[{"start":{"line":121,"column":20},"end":{"line":121,"column":34}},{"start":{"line":121,"column":38},"end":{"line":121,"column":40}}],"line":121},"8":{"loc":{"start":{"line":122,"column":22},"end":{"line":122,"column":59}},"type":"binary-expr","locations":[{"start":{"line":122,"column":22},"end":{"line":122,"column":43}},{"start":{"line":122,"column":47},"end":{"line":122,"column":59}}],"line":122},"9":{"loc":{"start":{"line":136,"column":16},"end":{"line":146,"column":17}},"type":"if","locations":[{"start":{"line":136,"column":16},"end":{"line":146,"column":17}},{"start":{"line":142,"column":23},"end":{"line":146,"column":17}}],"line":136},"10":{"loc":{"start":{"line":136,"column":20},"end":{"line":136,"column":69}},"type":"binary-expr","locations":[{"start":{"line":136,"column":20},"end":{"line":136,"column":45}},{"start":{"line":136,"column":49},"end":{"line":136,"column":69}}],"line":136},"11":{"loc":{"start":{"line":142,"column":23},"end":{"line":146,"column":17}},"type":"if","locations":[{"start":{"line":142,"column":23},"end":{"line":146,"column":17}},{"start":{"line":144,"column":23},"end":{"line":146,"column":17}}],"line":142},"12":{"loc":{"start":{"line":142,"column":27},"end":{"line":142,"column":77}},"type":"binary-expr","locations":[{"start":{"line":142,"column":27},"end":{"line":142,"column":52}},{"start":{"line":142,"column":56},"end":{"line":142,"column":77}}],"line":142},"13":{"loc":{"start":{"line":175,"column":32},"end":{"line":175,"column":46}},"type":"default-arg","locations":[{"start":{"line":175,"column":44},"end":{"line":175,"column":46}}],"line":175},"14":{"loc":{"start":{"line":179,"column":12},"end":{"line":179,"column":56}},"type":"if","locations":[{"start":{"line":179,"column":12},"end":{"line":179,"column":56}},{"start":{},"end":{}}],"line":179},"15":{"loc":{"start":{"line":181,"column":8},"end":{"line":185,"column":9}},"type":"if","locations":[{"start":{"line":181,"column":8},"end":{"line":185,"column":9}},{"start":{"line":183,"column":15},"end":{"line":185,"column":9}}],"line":181},"16":{"loc":{"start":{"line":216,"column":4},"end":{"line":216,"column":56}},"type":"if","locations":[{"start":{"line":216,"column":4},"end":{"line":216,"column":56}},{"start":{},"end":{}}],"line":216},"17":{"loc":{"start":{"line":216,"column":8},"end":{"line":216,"column":47}},"type":"binary-expr","locations":[{"start":{"line":216,"column":8},"end":{"line":216,"column":31}},{"start":{"line":216,"column":35},"end":{"line":216,"column":47}}],"line":216},"18":{"loc":{"start":{"line":218,"column":8},"end":{"line":221,"column":9}},"type":"if","locations":[{"start":{"line":218,"column":8},"end":{"line":221,"column":9}},{"start":{},"end":{}}],"line":218},"19":{"loc":{"start":{"line":218,"column":12},"end":{"line":218,"column":76}},"type":"binary-expr","locations":[{"start":{"line":218,"column":12},"end":{"line":218,"column":29}},{"start":{"line":218,"column":33},"end":{"line":218,"column":55}},{"start":{"line":218,"column":59},"end":{"line":218,"column":76}}],"line":218},"20":{"loc":{"start":{"line":222,"column":8},"end":{"line":225,"column":9}},"type":"if","locations":[{"start":{"line":222,"column":8},"end":{"line":225,"column":9}},{"start":{},"end":{}}],"line":222},"21":{"loc":{"start":{"line":222,"column":12},"end":{"line":222,"column":61}},"type":"binary-expr","locations":[{"start":{"line":222,"column":12},"end":{"line":222,"column":40}},{"start":{"line":222,"column":44},"end":{"line":222,"column":61}}],"line":222},"22":{"loc":{"start":{"line":246,"column":8},"end":{"line":250,"column":9}},"type":"if","locations":[{"start":{"line":246,"column":8},"end":{"line":250,"column":9}},{"start":{"line":248,"column":15},"end":{"line":250,"column":9}}],"line":246},"23":{"loc":{"start":{"line":246,"column":12},"end":{"line":246,"column":72}},"type":"binary-expr","locations":[{"start":{"line":246,"column":12},"end":{"line":246,"column":19}},{"start":{"line":246,"column":23},"end":{"line":246,"column":50}},{"start":{"line":246,"column":54},"end":{"line":246,"column":72}}],"line":246},"24":{"loc":{"start":{"line":273,"column":8},"end":{"line":273,"column":57}},"type":"if","locations":[{"start":{"line":273,"column":8},"end":{"line":273,"column":57}},{"start":{},"end":{}}],"line":273}},"s":{"0":1,"1":1,"2":1,"3":1,"4":1,"5":1,"6":1,"7":1,"8":1,"9":1,"10":1,"11":1,"12":1,"13":1,"14":1,"15":1,"16":1,"17":1,"18":1,"19":1,"20":1,"21":1,"22":0,"23":1,"24":1,"25":1,"26":0,"27":1,"28":1,"29":1,"30":1,"31":1,"32":1,"33":1,"34":1,"35":2,"36":2,"37":2,"38":1,"39":1,"40":1,"41":1,"42":1,"43":0,"44":1,"45":1,"46":1,"47":1,"48":1,"49":2,"50":2,"51":2,"52":1,"53":1,"54":0,"55":1,"56":4,"57":0,"58":4,"59":10,"60":2,"61":10,"62":2,"63":2,"64":2,"65":2,"66":4,"67":4,"68":0,"69":2,"70":1,"71":1,"72":1,"73":1,"74":0,"75":0,"76":0,"77":1},"f":{"0":1,"1":1,"2":2,"3":1,"4":4,"5":2,"6":1},"b":{"0":[1,0],"1":[1,0],"2":[1,0],"3":[1,0],"4":[1,1],"5":[0,1],"6":[0,1],"7":[1,0],"8":[1,0],"9":[1,1],"10":[2,2],"11":[1,0],"12":[1,1],"13":[0],"14":[2,0],"15":[1,0],"16":[0,4],"17":[4,4],"18":[2,8],"19":[10,2,2],"20":[2,8],"21":[10,2],"22":[4,0],"23":[4,4,4],"24":[0,0]},"_coverageSchema":"1a1c01bbd47fc00a2c39e90264f33305004495a9","hash":"27431261b5bf338ac4734319357c372b9e7e3f4d"}
,"C:\\Users\\mrwol\\Documents\\GitHub\\PALoSA-refined\\server\\utils\\processLogFiles.js": {"path":"C:\\Users\\mrwol\\Documents\\GitHub\\PALoSA-refined\\server\\utils\\processLogFiles.js","statementMap":{"0":{"start":{"line":38,"column":21},"end":{"line":38,"column":56}},"1":{"start":{"line":39,"column":20},"end":{"line":39,"column":70}},"2":{"start":{"line":43,"column":4},"end":{"line":58,"column":5}},"3":{"start":{"line":44,"column":8},"end":{"line":57,"column":9}},"4":{"start":{"line":49,"column":29},"end":{"line":49,"column":62}},"5":{"start":{"line":50,"column":32},"end":{"line":50,"column":66}},"6":{"start":{"line":51,"column":35},"end":{"line":54,"column":13}},"7":{"start":{"line":55,"column":12},"end":{"line":55,"column":64}}},"fnMap":{"0":{"name":"processLogFiles","decl":{"start":{"line":35,"column":30},"end":{"line":35,"column":45}},"loc":{"start":{"line":35,"column":67},"end":{"line":59,"column":1}},"line":35}},"branchMap":{"0":{"loc":{"start":{"line":44,"column":8},"end":{"line":57,"column":9}},"type":"if","locations":[{"start":{"line":44,"column":8},"end":{"line":57,"column":9}},{"start":{},"end":{}}],"line":44},"1":{"loc":{"start":{"line":45,"column":12},"end":{"line":47,"column":42}},"type":"binary-expr","locations":[{"start":{"line":45,"column":12},"end":{"line":45,"column":27}},{"start":{"line":46,"column":12},"end":{"line":46,"column":41}},{"start":{"line":47,"column":12},"end":{"line":47,"column":42}}],"line":45}},"s":{"0":1,"1":1,"2":1,"3":1,"4":1,"5":1,"6":1,"7":1},"f":{"0":1},"b":{"0":[1,0],"1":[1,1,1]},"_coverageSchema":"1a1c01bbd47fc00a2c39e90264f33305004495a9","hash":"37906af071792e990fbcfdb3e2b08bed20b95fec"}
,"C:\\Users\\mrwol\\Documents\\GitHub\\PALoSA-refined\\server\\utils\\pseudonymizeMail.js": {"path":"C:\\Users\\mrwol\\Documents\\GitHub\\PALoSA-refined\\server\\utils\\pseudonymizeMail.js","statementMap":{"0":{"start":{"line":4,"column":25},"end":{"line":4,"column":46}},"1":{"start":{"line":22,"column":36},"end":{"line":22,"column":52}},"2":{"start":{"line":23,"column":24},"end":{"line":23,"column":45}},"3":{"start":{"line":24,"column":16},"end":{"line":24,"column":33}},"4":{"start":{"line":26,"column":24},"end":{"line":26,"column":76}},"5":{"start":{"line":27,"column":25},"end":{"line":27,"column":89}},"6":{"start":{"line":29,"column":4},"end":{"line":29,"column":51}}},"fnMap":{"0":{"name":"pseudonymizeEmail","decl":{"start":{"line":21,"column":30},"end":{"line":21,"column":47}},"loc":{"start":{"line":21,"column":55},"end":{"line":30,"column":1}},"line":21}},"branchMap":{},"s":{"0":4,"1":4,"2":4,"3":4,"4":4,"5":4,"6":4},"f":{"0":4},"b":{},"_coverageSchema":"1a1c01bbd47fc00a2c39e90264f33305004495a9","hash":"bf450d9933b59d31abaea03086c412eca51706fd"}
,"C:\\Users\\mrwol\\Documents\\GitHub\\PALoSA-refined\\server\\utils\\requestRegex.js": {"path":"C:\\Users\\mrwol\\Documents\\GitHub\\PALoSA-refined\\server\\utils\\requestRegex.js","statementMap":{"0":{"start":{"line":27,"column":4},"end":{"line":107,"column":5}},"1":{"start":{"line":29,"column":22},"end":{"line":33,"column":9}},"2":{"start":{"line":36,"column":31},"end":{"line":40,"column":10}},"3":{"start":{"line":36,"column":41},"end":{"line":40,"column":9}},"4":{"start":{"line":43,"column":32},"end":{"line":45,"column":10}},"5":{"start":{"line":43,"column":42},"end":{"line":45,"column":9}},"6":{"start":{"line":51,"column":8},"end":{"line":101,"column":9}},"7":{"start":{"line":54,"column":12},"end":{"line":86,"column":13}},"8":{"start":{"line":55,"column":16},"end":{"line":55,"column":78}},"9":{"start":{"line":56,"column":16},"end":{"line":56,"column":75}},"10":{"start":{"line":60,"column":16},"end":{"line":65,"column":18}},"11":{"start":{"line":62,"column":44},"end":{"line":62,"column":95}},"12":{"start":{"line":63,"column":41},"end":{"line":63,"column":54}},"13":{"start":{"line":66,"column":19},"end":{"line":86,"column":13}},"14":{"start":{"line":68,"column":16},"end":{"line":68,"column":75}},"15":{"start":{"line":71,"column":16},"end":{"line":71,"column":40}},"16":{"start":{"line":72,"column":19},"end":{"line":86,"column":13}},"17":{"start":{"line":74,"column":16},"end":{"line":74,"column":78}},"18":{"start":{"line":77,"column":16},"end":{"line":81,"column":18}},"19":{"start":{"line":79,"column":44},"end":{"line":79,"column":95}},"20":{"start":{"line":80,"column":41},"end":{"line":80,"column":54}},"21":{"start":{"line":84,"column":16},"end":{"line":84,"column":63}},"22":{"start":{"line":85,"column":16},"end":{"line":85,"column":26}},"23":{"start":{"line":90,"column":12},"end":{"line":100,"column":13}},"24":{"start":{"line":92,"column":16},"end":{"line":92,"column":75}},"25":{"start":{"line":95,"column":16},"end":{"line":95,"column":40}},"26":{"start":{"line":98,"column":16},"end":{"line":98,"column":70}},"27":{"start":{"line":99,"column":16},"end":{"line":99,"column":26}},"28":{"start":{"line":103,"column":8},"end":{"line":103,"column":24}},"29":{"start":{"line":105,"column":8},"end":{"line":105,"column":55}},"30":{"start":{"line":106,"column":8},"end":{"line":106,"column":18}}},"fnMap":{"0":{"name":"requestRegex","decl":{"start":{"line":26,"column":30},"end":{"line":26,"column":42}},"loc":{"start":{"line":26,"column":59},"end":{"line":108,"column":1}},"line":26},"1":{"name":"(anonymous_1)","decl":{"start":{"line":36,"column":31},"end":{"line":36,"column":32}},"loc":{"start":{"line":36,"column":41},"end":{"line":40,"column":9}},"line":36},"2":{"name":"(anonymous_2)","decl":{"start":{"line":43,"column":32},"end":{"line":43,"column":33}},"loc":{"start":{"line":43,"column":42},"end":{"line":45,"column":9}},"line":43},"3":{"name":"(anonymous_3)","decl":{"start":{"line":62,"column":32},"end":{"line":62,"column":33}},"loc":{"start":{"line":62,"column":44},"end":{"line":62,"column":95}},"line":62},"4":{"name":"(anonymous_4)","decl":{"start":{"line":63,"column":29},"end":{"line":63,"column":30}},"loc":{"start":{"line":63,"column":41},"end":{"line":63,"column":54}},"line":63},"5":{"name":"(anonymous_5)","decl":{"start":{"line":79,"column":32},"end":{"line":79,"column":33}},"loc":{"start":{"line":79,"column":44},"end":{"line":79,"column":95}},"line":79},"6":{"name":"(anonymous_6)","decl":{"start":{"line":80,"column":29},"end":{"line":80,"column":30}},"loc":{"start":{"line":80,"column":41},"end":{"line":80,"column":54}},"line":80}},"branchMap":{"0":{"loc":{"start":{"line":37,"column":28},"end":{"line":39,"column":20}},"type":"cond-expr","locations":[{"start":{"line":38,"column":18},"end":{"line":38,"column":36}},{"start":{"line":39,"column":18},"end":{"line":39,"column":20}}],"line":37},"1":{"loc":{"start":{"line":44,"column":22},"end":{"line":44,"column":69}},"type":"cond-expr","locations":[{"start":{"line":44,"column":52},"end":{"line":44,"column":64}},{"start":{"line":44,"column":67},"end":{"line":44,"column":69}}],"line":44},"2":{"loc":{"start":{"line":51,"column":8},"end":{"line":101,"column":9}},"type":"if","locations":[{"start":{"line":51,"column":8},"end":{"line":101,"column":9}},{"start":{"line":87,"column":15},"end":{"line":101,"column":9}}],"line":51},"3":{"loc":{"start":{"line":54,"column":12},"end":{"line":86,"column":13}},"type":"if","locations":[{"start":{"line":54,"column":12},"end":{"line":86,"column":13}},{"start":{"line":66,"column":19},"end":{"line":86,"column":13}}],"line":54},"4":{"loc":{"start":{"line":54,"column":16},"end":{"line":54,"column":62}},"type":"binary-expr","locations":[{"start":{"line":54,"column":16},"end":{"line":54,"column":36}},{"start":{"line":54,"column":40},"end":{"line":54,"column":62}}],"line":54},"5":{"loc":{"start":{"line":66,"column":19},"end":{"line":86,"column":13}},"type":"if","locations":[{"start":{"line":66,"column":19},"end":{"line":86,"column":13}},{"start":{"line":72,"column":19},"end":{"line":86,"column":13}}],"line":66},"6":{"loc":{"start":{"line":72,"column":19},"end":{"line":86,"column":13}},"type":"if","locations":[{"start":{"line":72,"column":19},"end":{"line":86,"column":13}},{"start":{"line":82,"column":19},"end":{"line":86,"column":13}}],"line":72},"7":{"loc":{"start":{"line":90,"column":12},"end":{"line":100,"column":13}},"type":"if","locations":[{"start":{"line":90,"column":12},"end":{"line":100,"column":13}},{"start":{"line":96,"column":19},"end":{"line":100,"column":13}}],"line":90}},"s":{"0":4,"1":4,"2":4,"3":2,"4":4,"5":3,"6":4,"7":3,"8":2,"9":2,"10":2,"11":3,"12":3,"13":1,"14":0,"15":0,"16":1,"17":0,"18":0,"19":0,"20":0,"21":1,"22":1,"23":1,"24":1,"25":1,"26":0,"27":0,"28":3,"29":0,"30":0},"f":{"0":4,"1":2,"2":3,"3":3,"4":3,"5":0,"6":0},"b":{"0":[2,0],"1":[3,0],"2":[3,1],"3":[2,1],"4":[3,2],"5":[0,1],"6":[0,1],"7":[1,0]},"_coverageSchema":"1a1c01bbd47fc00a2c39e90264f33305004495a9","hash":"72ec2813a0f7bd814377b9fa1f107f48d9e4ea3c"}
}
