TN:
SF:utils\PseudoContentRegex.js
FN:37,pseudoContentRegex
FN:39,(anonymous_1)
FN:46,(anonymous_2)
FN:97,replaceAsync
FN:99,(anonymous_4)
FNF:5
FNH:5
FNDA:2,pseudoContentRegex
FNDA:2,(anonymous_1)
FNDA:2,(anonymous_2)
FNDA:2,replaceAsync
FNDA:2,(anonymous_4)
DA:9,3
DA:12,3
DA:38,2
DA:39,2
DA:41,2
DA:42,2
DA:43,2
DA:47,2
DA:48,1
DA:49,1
DA:50,1
DA:51,1
DA:52,1
DA:53,1
DA:55,0
DA:60,2
DA:62,0
DA:63,0
DA:67,2
DA:98,2
DA:99,2
DA:100,2
DA:101,2
DA:102,2
DA:105,2
DA:106,2
DA:108,2
DA:109,2
DA:110,2
DA:111,2
DA:112,2
DA:113,2
DA:116,0
DA:119,0
DA:122,2
DA:123,2
LF:36
LH:31
BRDA:47,0,0,1
BRDA:47,0,1,1
BRDA:51,1,0,1
BRDA:51,1,1,0
BRF:4
BRH:3
end_of_record
TN:
SF:utils\copyFileToOutput.js
FN:18,copyFileToOutput
FNF:1
FNH:1
FNDA:2,copyFileToOutput
DA:19,2
DA:20,2
DA:22,2
DA:23,1
DA:24,0
DA:26,1
DA:27,0
DA:28,0
DA:31,1
DA:33,1
DA:34,0
DA:35,0
DA:37,1
DA:38,1
DA:39,1
DA:41,1
DA:42,1
DA:43,1
DA:44,1
DA:45,1
DA:48,0
DA:51,2
DA:52,0
LF:23
LH:16
BRDA:22,0,0,1
BRDA:22,0,1,1
BRDA:26,1,0,0
BRDA:26,1,1,1
BRDA:33,2,0,0
BRDA:33,2,1,1
BRDA:41,3,0,1
BRDA:41,3,1,0
BRF:8
BRH:5
end_of_record
TN:
SF:utils\createFile.js
FN:18,createFile
FNF:1
FNH:1
FNDA:1,createFile
DA:25,1
DA:26,1
DA:27,1
DA:29,1
DA:30,1
DA:34,0
DA:35,0
DA:37,1
DA:41,0
LF:9
LH:6
BRDA:22,0,0,0
BRDA:26,1,0,0
BRDA:26,1,1,1
BRF:3
BRH:1
end_of_record
TN:
SF:utils\generateFileName.js
FN:13,generateFileName
FNF:1
FNH:1
FNDA:3,generateFileName
DA:14,3
DA:16,3
DA:18,3
DA:19,2
DA:21,1
DA:23,3
DA:25,0
DA:26,0
LF:8
LH:6
BRDA:18,0,0,2
BRDA:18,0,1,1
BRF:2
BRH:2
end_of_record
TN:
SF:utils\ipBuffer.js
FN:12,ipStringToBuffer
FN:14,(anonymous_1)
FN:27,bufferToIpString
FNF:3
FNH:3
FNDA:2,ipStringToBuffer
FNDA:8,(anonymous_1)
FNDA:2,bufferToIpString
DA:14,8
DA:28,2
LF:2
LH:2
BRF:0
BRH:0
end_of_record
TN:
SF:utils\isEMailAddress.js
FN:19,isEmailAddress
FNF:1
FNH:1
FNDA:3,isEmailAddress
DA:20,3
DA:21,3
LF:2
LH:2
BRF:0
BRH:0
end_of_record
TN:
SF:utils\isIPv4Address.js
FN:14,isIPv4Address
FNF:1
FNH:1
FNDA:5,isIPv4Address
DA:16,5
DA:17,0
DA:21,5
DA:24,5
DA:26,5
LF:5
LH:4
BRDA:16,0,0,0
BRDA:16,0,1,5
BRF:2
BRH:1
end_of_record
TN:
SF:utils\mergeSettings.js
FN:41,mergeSettings
FN:83,(anonymous_1)
FN:106,(anonymous_2)
FNF:3
FNH:1
FNDA:2,mergeSettings
FNDA:0,(anonymous_1)
FNDA:0,(anonymous_2)
DA:43,2
DA:44,2
DA:45,2
DA:47,2
DA:48,0
DA:51,0
DA:52,0
DA:53,0
DA:55,0
DA:57,0
DA:58,0
DA:59,0
DA:61,0
DA:66,0
DA:73,0
DA:74,0
DA:75,0
DA:79,0
DA:80,0
DA:83,0
DA:90,0
DA:91,0
DA:94,0
DA:95,0
DA:99,0
DA:101,0
DA:106,0
DA:108,0
DA:111,0
DA:116,0
DA:119,0
DA:120,0
LF:32
LH:4
BRDA:41,0,0,2
BRDA:43,1,0,2
BRDA:43,1,1,2
BRDA:55,2,0,0
BRDA:55,2,1,0
BRDA:74,3,0,0
BRDA:74,3,1,0
BRDA:79,4,0,0
BRDA:79,4,1,0
BRDA:80,5,0,0
BRDA:80,5,1,0
BRDA:84,6,0,0
BRDA:84,6,1,0
BRDA:87,7,0,0
BRDA:87,7,1,0
BRDA:94,8,0,0
BRDA:94,8,1,0
BRF:17
BRH:3
end_of_record
TN:
SF:utils\processJsonFiles.js
FN:46,processJsonFiles
FN:151,processConfigSources
FN:172,(anonymous_2)
FN:232,processConfigDerived
FN:283,traverseAndProcess
FN:322,getByPath
FN:353,setByPath
FNF:7
FNH:1
FNDA:1,processJsonFiles
FNDA:0,processConfigSources
FNDA:0,(anonymous_2)
FNDA:0,processConfigDerived
FNDA:0,traverseAndProcess
FNDA:0,getByPath
FNDA:0,setByPath
DA:12,1
DA:52,1
DA:53,1
DA:54,1
DA:58,0
DA:60,0
DA:61,0
DA:62,0
DA:63,0
DA:64,0
DA:65,0
DA:66,0
DA:67,0
DA:69,0
DA:72,0
DA:73,0
DA:74,0
DA:75,0
DA:77,0
DA:80,0
DA:86,0
DA:89,0
DA:97,0
DA:100,0
DA:101,0
DA:107,0
DA:108,0
DA:113,0
DA:114,0
DA:118,0
DA:120,1
DA:121,0
DA:152,0
DA:153,0
DA:154,0
DA:157,0
DA:158,0
DA:159,0
DA:160,0
DA:162,0
DA:163,0
DA:164,0
DA:165,0
DA:167,0
DA:168,0
DA:169,0
DA:173,0
DA:174,0
DA:175,0
DA:176,0
DA:177,0
DA:180,0
DA:181,0
DA:185,0
DA:187,0
DA:193,0
DA:197,0
DA:201,0
DA:204,0
DA:205,0
DA:208,0
DA:233,0
DA:234,0
DA:235,0
DA:236,0
DA:237,0
DA:238,0
DA:240,0
DA:241,0
DA:242,0
DA:248,0
DA:249,0
DA:254,0
DA:284,0
DA:286,0
DA:287,0
DA:288,0
DA:293,0
DA:295,0
DA:296,0
DA:299,0
DA:303,0
DA:323,0
DA:324,0
DA:325,0
DA:326,0
DA:327,0
DA:329,0
DA:332,0
DA:335,0
DA:354,0
DA:355,0
DA:356,0
DA:357,0
DA:358,0
DA:359,0
DA:363,0
DA:365,0
DA:366,0
LF:99
LH:5
BRDA:63,0,0,0
BRDA:63,0,1,0
BRDA:65,1,0,0
BRDA:65,1,1,0
BRDA:66,2,0,0
BRDA:66,2,1,0
BRDA:73,3,0,0
BRDA:73,3,1,0
BRDA:73,4,0,0
BRDA:73,4,1,0
BRDA:107,5,0,0
BRDA:107,5,1,0
BRDA:152,6,0,0
BRDA:152,6,1,0
BRDA:159,7,0,0
BRDA:159,7,1,0
BRDA:160,8,0,0
BRDA:160,8,1,0
BRDA:175,9,0,0
BRDA:175,9,1,0
BRDA:175,10,0,0
BRDA:175,10,1,0
BRDA:181,11,0,0
BRDA:181,11,1,0
BRDA:182,12,0,0
BRDA:182,12,1,0
BRDA:234,13,0,0
BRDA:238,14,0,0
BRDA:238,14,1,0
BRDA:240,15,0,0
BRDA:240,15,1,0
BRDA:284,16,0,0
BRDA:284,16,1,0
BRDA:284,17,0,0
BRDA:284,17,1,0
BRDA:288,18,0,0
BRDA:288,18,1,0
BRDA:289,19,0,0
BRDA:289,19,1,0
BRDA:289,19,2,0
BRDA:295,20,0,0
BRDA:295,20,1,0
BRDA:295,21,0,0
BRDA:295,21,1,0
BRDA:326,22,0,0
BRDA:326,22,1,0
BRDA:326,23,0,0
BRDA:326,23,1,0
BRDA:326,23,2,0
BRDA:357,24,0,0
BRDA:357,24,1,0
BRF:51
BRH:0
end_of_record
TN:
SF:utils\processLogFiles.js
FN:17,processLogFiles
FNF:1
FNH:1
FNDA:1,processLogFiles
DA:18,1
DA:19,1
DA:20,1
DA:24,0
DA:25,0
DA:26,0
DA:31,0
DA:32,0
DA:33,0
DA:38,0
DA:39,0
DA:43,1
DA:44,0
LF:13
LH:4
BRDA:26,0,0,0
BRDA:26,0,1,0
BRDA:27,1,0,0
BRDA:27,1,1,0
BRDA:27,1,2,0
BRF:5
BRH:0
end_of_record
TN:
SF:utils\pseudonymizeMail.js
FN:21,pseudonymizeEmail
FNF:1
FNH:1
FNDA:2,pseudonymizeEmail
DA:4,4
DA:22,2
DA:23,2
DA:24,2
DA:26,2
DA:27,2
DA:29,2
LF:7
LH:7
BRF:0
BRH:0
end_of_record
TN:
SF:utils\requestRegex.js
FN:27,requestRegex
FN:35,(anonymous_1)
FN:41,(anonymous_2)
FN:56,(anonymous_3)
FN:59,(anonymous_4)
FN:68,(anonymous_5)
FN:71,(anonymous_6)
FNF:7
FNH:5
FNDA:4,requestRegex
FNDA:2,(anonymous_1)
FNDA:3,(anonymous_2)
FNDA:3,(anonymous_3)
FNDA:3,(anonymous_4)
FNDA:0,(anonymous_5)
FNDA:0,(anonymous_6)
DA:28,4
DA:29,4
DA:35,4
DA:41,4
DA:49,4
DA:50,3
DA:51,2
DA:52,2
DA:54,2
DA:57,3
DA:59,3
DA:62,1
DA:63,0
DA:64,0
DA:65,1
DA:66,0
DA:67,0
DA:69,0
DA:71,0
DA:73,1
DA:74,1
DA:77,1
DA:78,1
DA:79,1
DA:81,0
DA:82,0
DA:86,3
DA:88,0
DA:89,0
LF:29
LH:19
BRDA:36,0,0,2
BRDA:36,0,1,0
BRDA:42,1,0,3
BRDA:42,1,1,0
BRDA:49,2,0,3
BRDA:49,2,1,1
BRDA:50,3,0,2
BRDA:50,3,1,1
BRDA:50,4,0,3
BRDA:50,4,1,2
BRDA:62,5,0,0
BRDA:62,5,1,1
BRDA:65,6,0,0
BRDA:65,6,1,1
BRDA:77,7,0,1
BRDA:77,7,1,0
BRF:16
BRH:11
end_of_record
